<?xml version="1.0" encoding="utf-8"?>
<CoverageSession xmlns:xsd="http://www.w3.org/2001/XMLSchema" xmlns:xsi="http://www.w3.org/2001/XMLSchema-instance" Version="0.0.0.0">
  <Summary numSequencePoints="763" visitedSequencePoints="418" numBranchPoints="0" visitedBranchPoints="0" sequenceCoverage="54.78" branchCoverage="0.0" maxCyclomaticComplexity="0" minCyclomaticComplexity="0" maxCrapScore="0" minCrapScore="0" visitedClasses="27" numClasses="29" visitedMethods="56" numMethods="58" />
  <Modules>
    <Module>
      <Summary numSequencePoints="147" visitedSequencePoints="147" numBranchPoints="0" visitedBranchPoints="0" sequenceCoverage="100.0" branchCoverage="0.0" maxCyclomaticComplexity="0" minCyclomaticComplexity="0" maxCrapScore="0" minCrapScore="0" visitedClasses="14" numClasses="14" visitedMethods="14" numMethods="14" />
      <ModuleTime>0001-01-01T00:00:00</ModuleTime>
      <ModuleName>PlayModeTests</ModuleName>
      <Files>
        <File uid="2" fullPath="/Users/satwikakancharla/2024Fall-Team33-Srougi/VRBiotechMinigames/Assets/PlayModeTests/PlayModeTestScript.cs" />
      </Files>
      <Classes>
        <Class>
          <Summary numSequencePoints="3" visitedSequencePoints="3" numBranchPoints="0" visitedBranchPoints="0" sequenceCoverage="100.0" branchCoverage="0.0" maxCyclomaticComplexity="0" minCyclomaticComplexity="0" maxCrapScore="0" minCrapScore="0" visitedClasses="1" numClasses="1" visitedMethods="1" numMethods="1" />
          <FullName>PlayModeTestScript</FullName>
          <Methods>
            <Method visited="true" cyclomaticComplexity="0" nPathComplexity="0" sequenceCoverage="100.0" branchCoverage="0" crapScore="0" isConstructor="false" isStatic="false" isGetter="false" isSetter="false">
              <Summary numSequencePoints="3" visitedSequencePoints="3" numBranchPoints="0" visitedBranchPoints="0" sequenceCoverage="100.0" branchCoverage="0" maxCyclomaticComplexity="0" minCyclomaticComplexity="0" maxCrapScore="0" minCrapScore="0" visitedClasses="0" numClasses="0" visitedMethods="1" numMethods="1" />
              <MetadataToken>100663297</MetadataToken>
              <Name>System.Void PlayModeTestScript::LoadScene()</Name>
              <FileRef uid="2" />
              <SequencePoints>
                <SequencePoint vc="1" uspid="4019" ordinal="0" offset="0" sl="13" sc="29" el="13" ec="29" bec="0" bev="0" fileid="2" />
                <SequencePoint vc="1" uspid="4020" ordinal="0" offset="1" sl="14" sc="9" el="14" ec="9" bec="0" bev="0" fileid="2" />
                <SequencePoint vc="1" uspid="4021" ordinal="0" offset="12" sl="15" sc="5" el="15" ec="5" bec="0" bev="0" fileid="2" />
              </SequencePoints>
              <BranchPoints />
            </Method>
          </Methods>
        </Class>
        <Class>
          <Summary numSequencePoints="10" visitedSequencePoints="10" numBranchPoints="0" visitedBranchPoints="0" sequenceCoverage="100.0" branchCoverage="0.0" maxCyclomaticComplexity="0" minCyclomaticComplexity="0" maxCrapScore="0" minCrapScore="0" visitedClasses="1" numClasses="1" visitedMethods="1" numMethods="1" />
          <FullName>PlayModeTestScript/&lt;testBottleFields&gt;d__3</FullName>
          <Methods>
            <Method visited="true" cyclomaticComplexity="0" nPathComplexity="0" sequenceCoverage="100.0" branchCoverage="0" crapScore="0" isConstructor="false" isStatic="false" isGetter="false" isSetter="false">
              <Summary numSequencePoints="10" visitedSequencePoints="10" numBranchPoints="0" visitedBranchPoints="0" sequenceCoverage="100.0" branchCoverage="0" maxCyclomaticComplexity="0" minCyclomaticComplexity="0" maxCrapScore="0" minCrapScore="0" visitedClasses="0" numClasses="0" visitedMethods="1" numMethods="1" />
              <MetadataToken>100663316</MetadataToken>
              <Name>System.Boolean PlayModeTestScript/&lt;testBottleFields&gt;d__3::MoveNext()</Name>
              <FileRef uid="2" />
              <SequencePoints>
                <SequencePoint vc="1" uspid="4022" ordinal="0" offset="31" sl="56" sc="5" el="56" ec="5" bec="0" bev="0" fileid="2" />
                <SequencePoint vc="1" uspid="4023" ordinal="0" offset="32" sl="57" sc="9" el="57" ec="9" bec="0" bev="0" fileid="2" />
                <SequencePoint vc="1" uspid="4024" ordinal="0" offset="48" sl="58" sc="9" el="58" ec="9" bec="0" bev="0" fileid="2" />
                <SequencePoint vc="1" uspid="4025" ordinal="0" offset="65" sl="60" sc="9" el="60" ec="9" bec="0" bev="0" fileid="2" />
                <SequencePoint vc="1" uspid="4026" ordinal="0" offset="82" sl="62" sc="9" el="62" ec="9" bec="0" bev="0" fileid="2" />
                <SequencePoint vc="1" uspid="4027" ordinal="0" offset="105" sl="64" sc="9" el="64" ec="9" bec="0" bev="0" fileid="2" />
                <SequencePoint vc="1" uspid="4028" ordinal="0" offset="117" sl="65" sc="9" el="65" ec="9" bec="0" bev="0" fileid="2" />
                <SequencePoint vc="1" uspid="4029" ordinal="0" offset="129" sl="66" sc="9" el="66" ec="9" bec="0" bev="0" fileid="2" />
                <SequencePoint vc="1" uspid="4030" ordinal="0" offset="146" sl="67" sc="9" el="67" ec="9" bec="0" bev="0" fileid="2" />
                <SequencePoint vc="1" uspid="4031" ordinal="0" offset="174" sl="68" sc="5" el="68" ec="5" bec="0" bev="0" fileid="2" />
              </SequencePoints>
              <BranchPoints />
            </Method>
          </Methods>
        </Class>
        <Class>
          <Summary numSequencePoints="12" visitedSequencePoints="12" numBranchPoints="0" visitedBranchPoints="0" sequenceCoverage="100.0" branchCoverage="0.0" maxCyclomaticComplexity="0" minCyclomaticComplexity="0" maxCrapScore="0" minCrapScore="0" visitedClasses="1" numClasses="1" visitedMethods="1" numMethods="1" />
          <FullName>PlayModeTestScript/&lt;testBottleLiquidUpdate&gt;d__4</FullName>
          <Methods>
            <Method visited="true" cyclomaticComplexity="0" nPathComplexity="0" sequenceCoverage="100.0" branchCoverage="0" crapScore="0" isConstructor="false" isStatic="false" isGetter="false" isSetter="false">
              <Summary numSequencePoints="12" visitedSequencePoints="12" numBranchPoints="0" visitedBranchPoints="0" sequenceCoverage="100.0" branchCoverage="0" maxCyclomaticComplexity="0" minCyclomaticComplexity="0" maxCrapScore="0" minCrapScore="0" visitedClasses="0" numClasses="0" visitedMethods="1" numMethods="1" />
              <MetadataToken>100663322</MetadataToken>
              <Name>System.Boolean PlayModeTestScript/&lt;testBottleLiquidUpdate&gt;d__4::MoveNext()</Name>
              <FileRef uid="2" />
              <SequencePoints>
                <SequencePoint vc="1" uspid="4032" ordinal="0" offset="34" sl="73" sc="5" el="73" ec="5" bec="0" bev="0" fileid="2" />
                <SequencePoint vc="1" uspid="4033" ordinal="0" offset="35" sl="74" sc="9" el="74" ec="9" bec="0" bev="0" fileid="2" />
                <SequencePoint vc="1" uspid="4034" ordinal="0" offset="51" sl="75" sc="9" el="75" ec="9" bec="0" bev="0" fileid="2" />
                <SequencePoint vc="1" uspid="4035" ordinal="0" offset="68" sl="77" sc="9" el="77" ec="9" bec="0" bev="0" fileid="2" />
                <SequencePoint vc="1" uspid="4036" ordinal="0" offset="84" sl="78" sc="9" el="78" ec="9" bec="0" bev="0" fileid="2" />
                <SequencePoint vc="1" uspid="4037" ordinal="0" offset="100" sl="80" sc="9" el="80" ec="9" bec="0" bev="0" fileid="2" />
                <SequencePoint vc="1" uspid="4038" ordinal="0" offset="132" sl="81" sc="9" el="81" ec="9" bec="0" bev="0" fileid="2" />
                <SequencePoint vc="1" uspid="4039" ordinal="0" offset="164" sl="83" sc="9" el="83" ec="9" bec="0" bev="0" fileid="2" />
                <SequencePoint vc="1" uspid="4040" ordinal="0" offset="176" sl="85" sc="9" el="85" ec="9" bec="0" bev="0" fileid="2" />
                <SequencePoint vc="1" uspid="4041" ordinal="0" offset="193" sl="87" sc="9" el="87" ec="9" bec="0" bev="0" fileid="2" />
                <SequencePoint vc="1" uspid="4042" ordinal="0" offset="225" sl="89" sc="9" el="89" ec="9" bec="0" bev="0" fileid="2" />
                <SequencePoint vc="1" uspid="4043" ordinal="0" offset="248" sl="90" sc="5" el="90" ec="5" bec="0" bev="0" fileid="2" />
              </SequencePoints>
              <BranchPoints />
            </Method>
          </Methods>
        </Class>
        <Class>
          <Summary numSequencePoints="12" visitedSequencePoints="12" numBranchPoints="0" visitedBranchPoints="0" sequenceCoverage="100.0" branchCoverage="0.0" maxCyclomaticComplexity="0" minCyclomaticComplexity="0" maxCrapScore="0" minCrapScore="0" visitedClasses="1" numClasses="1" visitedMethods="1" numMethods="1" />
          <FullName>PlayModeTestScript/&lt;testBottleOnTriggerEnter&gt;d__6</FullName>
          <Methods>
            <Method visited="true" cyclomaticComplexity="0" nPathComplexity="0" sequenceCoverage="100.0" branchCoverage="0" crapScore="0" isConstructor="false" isStatic="false" isGetter="false" isSetter="false">
              <Summary numSequencePoints="12" visitedSequencePoints="12" numBranchPoints="0" visitedBranchPoints="0" sequenceCoverage="100.0" branchCoverage="0" maxCyclomaticComplexity="0" minCyclomaticComplexity="0" maxCrapScore="0" minCrapScore="0" visitedClasses="0" numClasses="0" visitedMethods="1" numMethods="1" />
              <MetadataToken>100663328</MetadataToken>
              <Name>System.Boolean PlayModeTestScript/&lt;testBottleOnTriggerEnter&gt;d__6::MoveNext()</Name>
              <FileRef uid="2" />
              <SequencePoints>
                <SequencePoint vc="1" uspid="4044" ordinal="0" offset="34" sl="115" sc="5" el="115" ec="5" bec="0" bev="0" fileid="2" />
                <SequencePoint vc="1" uspid="4045" ordinal="0" offset="35" sl="116" sc="9" el="116" ec="9" bec="0" bev="0" fileid="2" />
                <SequencePoint vc="1" uspid="4046" ordinal="0" offset="51" sl="117" sc="9" el="117" ec="9" bec="0" bev="0" fileid="2" />
                <SequencePoint vc="1" uspid="4047" ordinal="0" offset="68" sl="118" sc="9" el="118" ec="9" bec="0" bev="0" fileid="2" />
                <SequencePoint vc="1" uspid="4048" ordinal="0" offset="84" sl="119" sc="9" el="119" ec="9" bec="0" bev="0" fileid="2" />
                <SequencePoint vc="1" uspid="4049" ordinal="0" offset="101" sl="120" sc="9" el="120" ec="9" bec="0" bev="0" fileid="2" />
                <SequencePoint vc="1" uspid="4050" ordinal="0" offset="118" sl="122" sc="9" el="122" ec="9" bec="0" bev="0" fileid="2" />
                <SequencePoint vc="1" uspid="4051" ordinal="0" offset="130" sl="123" sc="9" el="123" ec="9" bec="0" bev="0" fileid="2" />
                <SequencePoint vc="1" uspid="4052" ordinal="0" offset="142" sl="125" sc="9" el="125" ec="9" bec="0" bev="0" fileid="2" />
                <SequencePoint vc="1" uspid="4053" ordinal="0" offset="175" sl="127" sc="9" el="127" ec="9" bec="0" bev="0" fileid="2" />
                <SequencePoint vc="1" uspid="4054" ordinal="0" offset="192" sl="129" sc="9" el="129" ec="9" bec="0" bev="0" fileid="2" />
                <SequencePoint vc="1" uspid="4055" ordinal="0" offset="215" sl="130" sc="5" el="130" ec="5" bec="0" bev="0" fileid="2" />
              </SequencePoints>
              <BranchPoints />
            </Method>
          </Methods>
        </Class>
        <Class>
          <Summary numSequencePoints="12" visitedSequencePoints="12" numBranchPoints="0" visitedBranchPoints="0" sequenceCoverage="100.0" branchCoverage="0.0" maxCyclomaticComplexity="0" minCyclomaticComplexity="0" maxCrapScore="0" minCrapScore="0" visitedClasses="1" numClasses="1" visitedMethods="1" numMethods="1" />
          <FullName>PlayModeTestScript/&lt;testBottleUpdate&gt;d__5</FullName>
          <Methods>
            <Method visited="true" cyclomaticComplexity="0" nPathComplexity="0" sequenceCoverage="100.0" branchCoverage="0" crapScore="0" isConstructor="false" isStatic="false" isGetter="false" isSetter="false">
              <Summary numSequencePoints="12" visitedSequencePoints="12" numBranchPoints="0" visitedBranchPoints="0" sequenceCoverage="100.0" branchCoverage="0" maxCyclomaticComplexity="0" minCyclomaticComplexity="0" maxCrapScore="0" minCrapScore="0" visitedClasses="0" numClasses="0" visitedMethods="1" numMethods="1" />
              <MetadataToken>100663334</MetadataToken>
              <Name>System.Boolean PlayModeTestScript/&lt;testBottleUpdate&gt;d__5::MoveNext()</Name>
              <FileRef uid="2" />
              <SequencePoints>
                <SequencePoint vc="1" uspid="4056" ordinal="0" offset="34" sl="95" sc="5" el="95" ec="5" bec="0" bev="0" fileid="2" />
                <SequencePoint vc="1" uspid="4057" ordinal="0" offset="35" sl="96" sc="9" el="96" ec="9" bec="0" bev="0" fileid="2" />
                <SequencePoint vc="1" uspid="4058" ordinal="0" offset="51" sl="97" sc="9" el="97" ec="9" bec="0" bev="0" fileid="2" />
                <SequencePoint vc="1" uspid="4059" ordinal="0" offset="68" sl="98" sc="9" el="98" ec="9" bec="0" bev="0" fileid="2" />
                <SequencePoint vc="1" uspid="4060" ordinal="0" offset="84" sl="99" sc="9" el="99" ec="9" bec="0" bev="0" fileid="2" />
                <SequencePoint vc="1" uspid="4061" ordinal="0" offset="101" sl="101" sc="9" el="101" ec="9" bec="0" bev="0" fileid="2" />
                <SequencePoint vc="1" uspid="4062" ordinal="0" offset="118" sl="102" sc="9" el="102" ec="9" bec="0" bev="0" fileid="2" />
                <SequencePoint vc="1" uspid="4063" ordinal="0" offset="134" sl="104" sc="9" el="104" ec="9" bec="0" bev="0" fileid="2" />
                <SequencePoint vc="1" uspid="4064" ordinal="0" offset="151" sl="106" sc="9" el="106" ec="9" bec="0" bev="0" fileid="2" />
                <SequencePoint vc="1" uspid="4065" ordinal="0" offset="179" sl="107" sc="9" el="107" ec="9" bec="0" bev="0" fileid="2" />
                <SequencePoint vc="1" uspid="4066" ordinal="0" offset="196" sl="109" sc="9" el="109" ec="9" bec="0" bev="0" fileid="2" />
                <SequencePoint vc="1" uspid="4067" ordinal="0" offset="219" sl="110" sc="5" el="110" ec="5" bec="0" bev="0" fileid="2" />
              </SequencePoints>
              <BranchPoints />
            </Method>
          </Methods>
        </Class>
        <Class>
          <Summary numSequencePoints="6" visitedSequencePoints="6" numBranchPoints="0" visitedBranchPoints="0" sequenceCoverage="100.0" branchCoverage="0.0" maxCyclomaticComplexity="0" minCyclomaticComplexity="0" maxCrapScore="0" minCrapScore="0" visitedClasses="1" numClasses="1" visitedMethods="1" numMethods="1" />
          <FullName>PlayModeTestScript/&lt;testLiquidFields&gt;d__7</FullName>
          <Methods>
            <Method visited="true" cyclomaticComplexity="0" nPathComplexity="0" sequenceCoverage="100.0" branchCoverage="0" crapScore="0" isConstructor="false" isStatic="false" isGetter="false" isSetter="false">
              <Summary numSequencePoints="6" visitedSequencePoints="6" numBranchPoints="0" visitedBranchPoints="0" sequenceCoverage="100.0" branchCoverage="0" maxCyclomaticComplexity="0" minCyclomaticComplexity="0" maxCrapScore="0" minCrapScore="0" visitedClasses="0" numClasses="0" visitedMethods="1" numMethods="1" />
              <MetadataToken>100663340</MetadataToken>
              <Name>System.Boolean PlayModeTestScript/&lt;testLiquidFields&gt;d__7::MoveNext()</Name>
              <FileRef uid="2" />
              <SequencePoints>
                <SequencePoint vc="1" uspid="4068" ordinal="0" offset="31" sl="133" sc="43" el="133" ec="43" bec="0" bev="0" fileid="2" />
                <SequencePoint vc="1" uspid="4069" ordinal="0" offset="32" sl="134" sc="9" el="134" ec="9" bec="0" bev="0" fileid="2" />
                <SequencePoint vc="1" uspid="4070" ordinal="0" offset="48" sl="135" sc="9" el="135" ec="9" bec="0" bev="0" fileid="2" />
                <SequencePoint vc="1" uspid="4071" ordinal="0" offset="65" sl="137" sc="9" el="137" ec="9" bec="0" bev="0" fileid="2" />
                <SequencePoint vc="1" uspid="4072" ordinal="0" offset="82" sl="139" sc="9" el="139" ec="9" bec="0" bev="0" fileid="2" />
                <SequencePoint vc="1" uspid="4073" ordinal="0" offset="105" sl="140" sc="5" el="140" ec="5" bec="0" bev="0" fileid="2" />
              </SequencePoints>
              <BranchPoints />
            </Method>
          </Methods>
        </Class>
        <Class>
          <Summary numSequencePoints="12" visitedSequencePoints="12" numBranchPoints="0" visitedBranchPoints="0" sequenceCoverage="100.0" branchCoverage="0.0" maxCyclomaticComplexity="0" minCyclomaticComplexity="0" maxCrapScore="0" minCrapScore="0" visitedClasses="1" numClasses="1" visitedMethods="1" numMethods="1" />
          <FullName>PlayModeTestScript/&lt;testLiquidOnTriggerEnter&gt;d__8</FullName>
          <Methods>
            <Method visited="true" cyclomaticComplexity="0" nPathComplexity="0" sequenceCoverage="100.0" branchCoverage="0" crapScore="0" isConstructor="false" isStatic="false" isGetter="false" isSetter="false">
              <Summary numSequencePoints="12" visitedSequencePoints="12" numBranchPoints="0" visitedBranchPoints="0" sequenceCoverage="100.0" branchCoverage="0" maxCyclomaticComplexity="0" minCyclomaticComplexity="0" maxCrapScore="0" minCrapScore="0" visitedClasses="0" numClasses="0" visitedMethods="1" numMethods="1" />
              <MetadataToken>100663346</MetadataToken>
              <Name>System.Boolean PlayModeTestScript/&lt;testLiquidOnTriggerEnter&gt;d__8::MoveNext()</Name>
              <FileRef uid="2" />
              <SequencePoints>
                <SequencePoint vc="1" uspid="4074" ordinal="0" offset="34" sl="144" sc="5" el="144" ec="5" bec="0" bev="0" fileid="2" />
                <SequencePoint vc="1" uspid="4075" ordinal="0" offset="35" sl="145" sc="9" el="145" ec="9" bec="0" bev="0" fileid="2" />
                <SequencePoint vc="1" uspid="4076" ordinal="0" offset="51" sl="146" sc="9" el="146" ec="9" bec="0" bev="0" fileid="2" />
                <SequencePoint vc="1" uspid="4077" ordinal="0" offset="68" sl="147" sc="9" el="147" ec="9" bec="0" bev="0" fileid="2" />
                <SequencePoint vc="1" uspid="4078" ordinal="0" offset="84" sl="148" sc="9" el="148" ec="9" bec="0" bev="0" fileid="2" />
                <SequencePoint vc="1" uspid="4079" ordinal="0" offset="101" sl="149" sc="9" el="149" ec="9" bec="0" bev="0" fileid="2" />
                <SequencePoint vc="1" uspid="4080" ordinal="0" offset="118" sl="151" sc="9" el="151" ec="9" bec="0" bev="0" fileid="2" />
                <SequencePoint vc="1" uspid="4081" ordinal="0" offset="130" sl="152" sc="9" el="152" ec="9" bec="0" bev="0" fileid="2" />
                <SequencePoint vc="1" uspid="4082" ordinal="0" offset="142" sl="154" sc="9" el="154" ec="9" bec="0" bev="0" fileid="2" />
                <SequencePoint vc="1" uspid="4083" ordinal="0" offset="175" sl="156" sc="9" el="156" ec="9" bec="0" bev="0" fileid="2" />
                <SequencePoint vc="1" uspid="4084" ordinal="0" offset="192" sl="158" sc="9" el="158" ec="9" bec="0" bev="0" fileid="2" />
                <SequencePoint vc="1" uspid="4085" ordinal="0" offset="215" sl="159" sc="5" el="159" ec="5" bec="0" bev="0" fileid="2" />
              </SequencePoints>
              <BranchPoints />
            </Method>
          </Methods>
        </Class>
        <Class>
          <Summary numSequencePoints="14" visitedSequencePoints="14" numBranchPoints="0" visitedBranchPoints="0" sequenceCoverage="100.0" branchCoverage="0.0" maxCyclomaticComplexity="0" minCyclomaticComplexity="0" maxCrapScore="0" minCrapScore="0" visitedClasses="1" numClasses="1" visitedMethods="1" numMethods="1" />
          <FullName>PlayModeTestScript/&lt;testObjectsFromScene&gt;d__1</FullName>
          <Methods>
            <Method visited="true" cyclomaticComplexity="0" nPathComplexity="0" sequenceCoverage="100.0" branchCoverage="0" crapScore="0" isConstructor="false" isStatic="false" isGetter="false" isSetter="false">
              <Summary numSequencePoints="14" visitedSequencePoints="14" numBranchPoints="0" visitedBranchPoints="0" sequenceCoverage="100.0" branchCoverage="0" maxCyclomaticComplexity="0" minCyclomaticComplexity="0" maxCrapScore="0" minCrapScore="0" visitedClasses="0" numClasses="0" visitedMethods="1" numMethods="1" />
              <MetadataToken>100663352</MetadataToken>
              <Name>System.Boolean PlayModeTestScript/&lt;testObjectsFromScene&gt;d__1::MoveNext()</Name>
              <FileRef uid="2" />
              <SequencePoints>
                <SequencePoint vc="1" uspid="4086" ordinal="0" offset="31" sl="20" sc="5" el="20" ec="5" bec="0" bev="0" fileid="2" />
                <SequencePoint vc="1" uspid="4087" ordinal="0" offset="32" sl="21" sc="9" el="21" ec="9" bec="0" bev="0" fileid="2" />
                <SequencePoint vc="1" uspid="4088" ordinal="0" offset="48" sl="22" sc="9" el="22" ec="9" bec="0" bev="0" fileid="2" />
                <SequencePoint vc="1" uspid="4089" ordinal="0" offset="64" sl="23" sc="9" el="23" ec="9" bec="0" bev="0" fileid="2" />
                <SequencePoint vc="1" uspid="4090" ordinal="0" offset="80" sl="24" sc="9" el="24" ec="9" bec="0" bev="0" fileid="2" />
                <SequencePoint vc="1" uspid="4091" ordinal="0" offset="96" sl="25" sc="9" el="25" ec="9" bec="0" bev="0" fileid="2" />
                <SequencePoint vc="1" uspid="4092" ordinal="0" offset="112" sl="26" sc="9" el="26" ec="9" bec="0" bev="0" fileid="2" />
                <SequencePoint vc="1" uspid="4093" ordinal="0" offset="128" sl="28" sc="9" el="28" ec="9" bec="0" bev="0" fileid="2" />
                <SequencePoint vc="1" uspid="4094" ordinal="0" offset="151" sl="30" sc="9" el="30" ec="9" bec="0" bev="0" fileid="2" />
                <SequencePoint vc="1" uspid="4095" ordinal="0" offset="163" sl="31" sc="9" el="31" ec="9" bec="0" bev="0" fileid="2" />
                <SequencePoint vc="1" uspid="4096" ordinal="0" offset="175" sl="32" sc="9" el="32" ec="9" bec="0" bev="0" fileid="2" />
                <SequencePoint vc="1" uspid="4097" ordinal="0" offset="187" sl="33" sc="9" el="33" ec="9" bec="0" bev="0" fileid="2" />
                <SequencePoint vc="1" uspid="4098" ordinal="0" offset="199" sl="34" sc="9" el="34" ec="9" bec="0" bev="0" fileid="2" />
                <SequencePoint vc="1" uspid="4099" ordinal="0" offset="211" sl="36" sc="5" el="36" ec="5" bec="0" bev="0" fileid="2" />
              </SequencePoints>
              <BranchPoints />
            </Method>
          </Methods>
        </Class>
        <Class>
          <Summary numSequencePoints="9" visitedSequencePoints="9" numBranchPoints="0" visitedBranchPoints="0" sequenceCoverage="100.0" branchCoverage="0.0" maxCyclomaticComplexity="0" minCyclomaticComplexity="0" maxCrapScore="0" minCrapScore="0" visitedClasses="1" numClasses="1" visitedMethods="1" numMethods="1" />
          <FullName>PlayModeTestScript/&lt;testPipetteAidFields&gt;d__2</FullName>
          <Methods>
            <Method visited="true" cyclomaticComplexity="0" nPathComplexity="0" sequenceCoverage="100.0" branchCoverage="0" crapScore="0" isConstructor="false" isStatic="false" isGetter="false" isSetter="false">
              <Summary numSequencePoints="9" visitedSequencePoints="9" numBranchPoints="0" visitedBranchPoints="0" sequenceCoverage="100.0" branchCoverage="0" maxCyclomaticComplexity="0" minCyclomaticComplexity="0" maxCrapScore="0" minCrapScore="0" visitedClasses="0" numClasses="0" visitedMethods="1" numMethods="1" />
              <MetadataToken>100663358</MetadataToken>
              <Name>System.Boolean PlayModeTestScript/&lt;testPipetteAidFields&gt;d__2::MoveNext()</Name>
              <FileRef uid="2" />
              <SequencePoints>
                <SequencePoint vc="1" uspid="4100" ordinal="0" offset="31" sl="41" sc="5" el="41" ec="5" bec="0" bev="0" fileid="2" />
                <SequencePoint vc="1" uspid="4101" ordinal="0" offset="32" sl="42" sc="9" el="42" ec="9" bec="0" bev="0" fileid="2" />
                <SequencePoint vc="1" uspid="4102" ordinal="0" offset="48" sl="43" sc="9" el="43" ec="9" bec="0" bev="0" fileid="2" />
                <SequencePoint vc="1" uspid="4103" ordinal="0" offset="65" sl="45" sc="9" el="45" ec="9" bec="0" bev="0" fileid="2" />
                <SequencePoint vc="1" uspid="4104" ordinal="0" offset="88" sl="47" sc="9" el="47" ec="9" bec="0" bev="0" fileid="2" />
                <SequencePoint vc="1" uspid="4105" ordinal="0" offset="100" sl="48" sc="9" el="48" ec="9" bec="0" bev="0" fileid="2" />
                <SequencePoint vc="1" uspid="4106" ordinal="0" offset="112" sl="49" sc="9" el="49" ec="9" bec="0" bev="0" fileid="2" />
                <SequencePoint vc="1" uspid="4107" ordinal="0" offset="129" sl="50" sc="10" el="50" ec="10" bec="0" bev="0" fileid="2" />
                <SequencePoint vc="1" uspid="4108" ordinal="0" offset="146" sl="51" sc="5" el="51" ec="5" bec="0" bev="0" fileid="2" />
              </SequencePoints>
              <BranchPoints />
            </Method>
          </Methods>
        </Class>
        <Class>
          <Summary numSequencePoints="6" visitedSequencePoints="6" numBranchPoints="0" visitedBranchPoints="0" sequenceCoverage="100.0" branchCoverage="0.0" maxCyclomaticComplexity="0" minCyclomaticComplexity="0" maxCrapScore="0" minCrapScore="0" visitedClasses="1" numClasses="1" visitedMethods="1" numMethods="1" />
          <FullName>PlayModeTestScript/&lt;testSerologicalFields&gt;d__9</FullName>
          <Methods>
            <Method visited="true" cyclomaticComplexity="0" nPathComplexity="0" sequenceCoverage="100.0" branchCoverage="0" crapScore="0" isConstructor="false" isStatic="false" isGetter="false" isSetter="false">
              <Summary numSequencePoints="6" visitedSequencePoints="6" numBranchPoints="0" visitedBranchPoints="0" sequenceCoverage="100.0" branchCoverage="0" maxCyclomaticComplexity="0" minCyclomaticComplexity="0" maxCrapScore="0" minCrapScore="0" visitedClasses="0" numClasses="0" visitedMethods="1" numMethods="1" />
              <MetadataToken>100663364</MetadataToken>
              <Name>System.Boolean PlayModeTestScript/&lt;testSerologicalFields&gt;d__9::MoveNext()</Name>
              <FileRef uid="2" />
              <SequencePoints>
                <SequencePoint vc="1" uspid="4109" ordinal="0" offset="31" sl="163" sc="5" el="163" ec="5" bec="0" bev="0" fileid="2" />
                <SequencePoint vc="1" uspid="4110" ordinal="0" offset="32" sl="164" sc="9" el="164" ec="9" bec="0" bev="0" fileid="2" />
                <SequencePoint vc="1" uspid="4111" ordinal="0" offset="48" sl="165" sc="9" el="165" ec="9" bec="0" bev="0" fileid="2" />
                <SequencePoint vc="1" uspid="4112" ordinal="0" offset="65" sl="167" sc="9" el="167" ec="9" bec="0" bev="0" fileid="2" />
                <SequencePoint vc="1" uspid="4113" ordinal="0" offset="93" sl="169" sc="9" el="169" ec="9" bec="0" bev="0" fileid="2" />
                <SequencePoint vc="1" uspid="4114" ordinal="0" offset="116" sl="170" sc="5" el="170" ec="5" bec="0" bev="0" fileid="2" />
              </SequencePoints>
              <BranchPoints />
            </Method>
          </Methods>
        </Class>
        <Class>
          <Summary numSequencePoints="14" visitedSequencePoints="14" numBranchPoints="0" visitedBranchPoints="0" sequenceCoverage="100.0" branchCoverage="0.0" maxCyclomaticComplexity="0" minCyclomaticComplexity="0" maxCrapScore="0" minCrapScore="0" visitedClasses="1" numClasses="1" visitedMethods="1" numMethods="1" />
          <FullName>PlayModeTestScript/&lt;testSerologicalLiquidAdjust&gt;d__12</FullName>
          <Methods>
            <Method visited="true" cyclomaticComplexity="0" nPathComplexity="0" sequenceCoverage="100.0" branchCoverage="0" crapScore="0" isConstructor="false" isStatic="false" isGetter="false" isSetter="false">
              <Summary numSequencePoints="14" visitedSequencePoints="14" numBranchPoints="0" visitedBranchPoints="0" sequenceCoverage="100.0" branchCoverage="0" maxCyclomaticComplexity="0" minCyclomaticComplexity="0" maxCrapScore="0" minCrapScore="0" visitedClasses="0" numClasses="0" visitedMethods="1" numMethods="1" />
              <MetadataToken>100663370</MetadataToken>
              <Name>System.Boolean PlayModeTestScript/&lt;testSerologicalLiquidAdjust&gt;d__12::MoveNext()</Name>
              <FileRef uid="2" />
              <SequencePoints>
                <SequencePoint vc="1" uspid="4115" ordinal="0" offset="34" sl="213" sc="5" el="213" ec="5" bec="0" bev="0" fileid="2" />
                <SequencePoint vc="1" uspid="4116" ordinal="0" offset="35" sl="214" sc="9" el="214" ec="9" bec="0" bev="0" fileid="2" />
                <SequencePoint vc="1" uspid="4117" ordinal="0" offset="51" sl="215" sc="9" el="215" ec="9" bec="0" bev="0" fileid="2" />
                <SequencePoint vc="1" uspid="4118" ordinal="0" offset="68" sl="217" sc="9" el="217" ec="9" bec="0" bev="0" fileid="2" />
                <SequencePoint vc="1" uspid="4119" ordinal="0" offset="84" sl="218" sc="9" el="218" ec="9" bec="0" bev="0" fileid="2" />
                <SequencePoint vc="1" uspid="4120" ordinal="0" offset="100" sl="219" sc="9" el="219" ec="9" bec="0" bev="0" fileid="2" />
                <SequencePoint vc="1" uspid="4121" ordinal="0" offset="116" sl="221" sc="9" el="221" ec="9" bec="0" bev="0" fileid="2" />
                <SequencePoint vc="1" uspid="4122" ordinal="0" offset="145" sl="223" sc="9" el="223" ec="9" bec="0" bev="0" fileid="2" />
                <SequencePoint vc="1" uspid="4123" ordinal="0" offset="162" sl="225" sc="9" el="225" ec="9" bec="0" bev="0" fileid="2" />
                <SequencePoint vc="1" uspid="4124" ordinal="0" offset="190" sl="226" sc="9" el="226" ec="9" bec="0" bev="0" fileid="2" />
                <SequencePoint vc="1" uspid="4125" ordinal="0" offset="219" sl="227" sc="9" el="227" ec="9" bec="0" bev="0" fileid="2" />
                <SequencePoint vc="1" uspid="4126" ordinal="0" offset="276" sl="228" sc="9" el="228" ec="9" bec="0" bev="0" fileid="2" />
                <SequencePoint vc="1" uspid="4127" ordinal="0" offset="333" sl="230" sc="9" el="230" ec="9" bec="0" bev="0" fileid="2" />
                <SequencePoint vc="1" uspid="4128" ordinal="0" offset="356" sl="231" sc="5" el="231" ec="5" bec="0" bev="0" fileid="2" />
              </SequencePoints>
              <BranchPoints />
            </Method>
          </Methods>
        </Class>
        <Class>
          <Summary numSequencePoints="13" visitedSequencePoints="13" numBranchPoints="0" visitedBranchPoints="0" sequenceCoverage="100.0" branchCoverage="0.0" maxCyclomaticComplexity="0" minCyclomaticComplexity="0" maxCrapScore="0" minCrapScore="0" visitedClasses="1" numClasses="1" visitedMethods="1" numMethods="1" />
          <FullName>PlayModeTestScript/&lt;testSerologicalLiquidAdjustExceedMaxVolume&gt;d__11</FullName>
          <Methods>
            <Method visited="true" cyclomaticComplexity="0" nPathComplexity="0" sequenceCoverage="100.0" branchCoverage="0" crapScore="0" isConstructor="false" isStatic="false" isGetter="false" isSetter="false">
              <Summary numSequencePoints="13" visitedSequencePoints="13" numBranchPoints="0" visitedBranchPoints="0" sequenceCoverage="100.0" branchCoverage="0" maxCyclomaticComplexity="0" minCyclomaticComplexity="0" maxCrapScore="0" minCrapScore="0" visitedClasses="0" numClasses="0" visitedMethods="1" numMethods="1" />
              <MetadataToken>100663376</MetadataToken>
              <Name>System.Boolean PlayModeTestScript/&lt;testSerologicalLiquidAdjustExceedMaxVolume&gt;d__11::MoveNext()</Name>
              <FileRef uid="2" />
              <SequencePoints>
                <SequencePoint vc="1" uspid="4129" ordinal="0" offset="34" sl="192" sc="5" el="192" ec="5" bec="0" bev="0" fileid="2" />
                <SequencePoint vc="1" uspid="4130" ordinal="0" offset="35" sl="193" sc="9" el="193" ec="9" bec="0" bev="0" fileid="2" />
                <SequencePoint vc="1" uspid="4131" ordinal="0" offset="51" sl="194" sc="9" el="194" ec="9" bec="0" bev="0" fileid="2" />
                <SequencePoint vc="1" uspid="4132" ordinal="0" offset="68" sl="196" sc="9" el="196" ec="9" bec="0" bev="0" fileid="2" />
                <SequencePoint vc="1" uspid="4133" ordinal="0" offset="84" sl="197" sc="9" el="197" ec="9" bec="0" bev="0" fileid="2" />
                <SequencePoint vc="1" uspid="4134" ordinal="0" offset="100" sl="198" sc="9" el="198" ec="9" bec="0" bev="0" fileid="2" />
                <SequencePoint vc="1" uspid="4135" ordinal="0" offset="116" sl="200" sc="9" el="200" ec="9" bec="0" bev="0" fileid="2" />
                <SequencePoint vc="1" uspid="4136" ordinal="0" offset="145" sl="201" sc="9" el="201" ec="9" bec="0" bev="0" fileid="2" />
                <SequencePoint vc="1" uspid="4137" ordinal="0" offset="162" sl="203" sc="9" el="203" ec="9" bec="0" bev="0" fileid="2" />
                <SequencePoint vc="1" uspid="4138" ordinal="0" offset="179" sl="205" sc="9" el="205" ec="9" bec="0" bev="0" fileid="2" />
                <SequencePoint vc="1" uspid="4139" ordinal="0" offset="207" sl="206" sc="9" el="206" ec="9" bec="0" bev="0" fileid="2" />
                <SequencePoint vc="1" uspid="4140" ordinal="0" offset="224" sl="208" sc="9" el="208" ec="9" bec="0" bev="0" fileid="2" />
                <SequencePoint vc="1" uspid="4141" ordinal="0" offset="247" sl="209" sc="5" el="209" ec="5" bec="0" bev="0" fileid="2" />
              </SequencePoints>
              <BranchPoints />
            </Method>
          </Methods>
        </Class>
        <Class>
          <Summary numSequencePoints="14" visitedSequencePoints="14" numBranchPoints="0" visitedBranchPoints="0" sequenceCoverage="100.0" branchCoverage="0.0" maxCyclomaticComplexity="0" minCyclomaticComplexity="0" maxCrapScore="0" minCrapScore="0" visitedClasses="1" numClasses="1" visitedMethods="1" numMethods="1" />
          <FullName>PlayModeTestScript/&lt;testSerologicalLiquidAdjustMinimumVolume&gt;d__13</FullName>
          <Methods>
            <Method visited="true" cyclomaticComplexity="0" nPathComplexity="0" sequenceCoverage="100.0" branchCoverage="0" crapScore="0" isConstructor="false" isStatic="false" isGetter="false" isSetter="false">
              <Summary numSequencePoints="14" visitedSequencePoints="14" numBranchPoints="0" visitedBranchPoints="0" sequenceCoverage="100.0" branchCoverage="0" maxCyclomaticComplexity="0" minCyclomaticComplexity="0" maxCrapScore="0" minCrapScore="0" visitedClasses="0" numClasses="0" visitedMethods="1" numMethods="1" />
              <MetadataToken>100663382</MetadataToken>
              <Name>System.Boolean PlayModeTestScript/&lt;testSerologicalLiquidAdjustMinimumVolume&gt;d__13::MoveNext()</Name>
              <FileRef uid="2" />
              <SequencePoints>
                <SequencePoint vc="1" uspid="4142" ordinal="0" offset="34" sl="235" sc="5" el="235" ec="5" bec="0" bev="0" fileid="2" />
                <SequencePoint vc="1" uspid="4143" ordinal="0" offset="35" sl="236" sc="9" el="236" ec="9" bec="0" bev="0" fileid="2" />
                <SequencePoint vc="1" uspid="4144" ordinal="0" offset="51" sl="237" sc="9" el="237" ec="9" bec="0" bev="0" fileid="2" />
                <SequencePoint vc="1" uspid="4145" ordinal="0" offset="68" sl="239" sc="9" el="239" ec="9" bec="0" bev="0" fileid="2" />
                <SequencePoint vc="1" uspid="4146" ordinal="0" offset="84" sl="240" sc="9" el="240" ec="9" bec="0" bev="0" fileid="2" />
                <SequencePoint vc="1" uspid="4147" ordinal="0" offset="100" sl="241" sc="9" el="241" ec="9" bec="0" bev="0" fileid="2" />
                <SequencePoint vc="1" uspid="4148" ordinal="0" offset="116" sl="243" sc="9" el="243" ec="9" bec="0" bev="0" fileid="2" />
                <SequencePoint vc="1" uspid="4149" ordinal="0" offset="145" sl="245" sc="9" el="245" ec="9" bec="0" bev="0" fileid="2" />
                <SequencePoint vc="1" uspid="4150" ordinal="0" offset="162" sl="247" sc="9" el="247" ec="9" bec="0" bev="0" fileid="2" />
                <SequencePoint vc="1" uspid="4151" ordinal="0" offset="190" sl="248" sc="9" el="248" ec="9" bec="0" bev="0" fileid="2" />
                <SequencePoint vc="1" uspid="4152" ordinal="0" offset="218" sl="249" sc="9" el="249" ec="9" bec="0" bev="0" fileid="2" />
                <SequencePoint vc="1" uspid="4153" ordinal="0" offset="275" sl="250" sc="9" el="250" ec="9" bec="0" bev="0" fileid="2" />
                <SequencePoint vc="1" uspid="4154" ordinal="0" offset="332" sl="252" sc="9" el="252" ec="9" bec="0" bev="0" fileid="2" />
                <SequencePoint vc="1" uspid="4155" ordinal="0" offset="355" sl="253" sc="5" el="253" ec="5" bec="0" bev="0" fileid="2" />
              </SequencePoints>
              <BranchPoints />
            </Method>
          </Methods>
        </Class>
        <Class>
          <Summary numSequencePoints="10" visitedSequencePoints="10" numBranchPoints="0" visitedBranchPoints="0" sequenceCoverage="100.0" branchCoverage="0.0" maxCyclomaticComplexity="0" minCyclomaticComplexity="0" maxCrapScore="0" minCrapScore="0" visitedClasses="1" numClasses="1" visitedMethods="1" numMethods="1" />
          <FullName>PlayModeTestScript/&lt;testSerologicalLiquidAdjustUpdateVolume&gt;d__10</FullName>
          <Methods>
            <Method visited="true" cyclomaticComplexity="0" nPathComplexity="0" sequenceCoverage="100.0" branchCoverage="0" crapScore="0" isConstructor="false" isStatic="false" isGetter="false" isSetter="false">
              <Summary numSequencePoints="10" visitedSequencePoints="10" numBranchPoints="0" visitedBranchPoints="0" sequenceCoverage="100.0" branchCoverage="0" maxCyclomaticComplexity="0" minCyclomaticComplexity="0" maxCrapScore="0" minCrapScore="0" visitedClasses="0" numClasses="0" visitedMethods="1" numMethods="1" />
              <MetadataToken>100663388</MetadataToken>
              <Name>System.Boolean PlayModeTestScript/&lt;testSerologicalLiquidAdjustUpdateVolume&gt;d__10::MoveNext()</Name>
              <FileRef uid="2" />
              <SequencePoints>
                <SequencePoint vc="1" uspid="4156" ordinal="0" offset="34" sl="174" sc="5" el="174" ec="5" bec="0" bev="0" fileid="2" />
                <SequencePoint vc="1" uspid="4157" ordinal="0" offset="35" sl="175" sc="9" el="175" ec="9" bec="0" bev="0" fileid="2" />
                <SequencePoint vc="1" uspid="4158" ordinal="0" offset="51" sl="176" sc="9" el="176" ec="9" bec="0" bev="0" fileid="2" />
                <SequencePoint vc="1" uspid="4159" ordinal="0" offset="68" sl="178" sc="9" el="178" ec="9" bec="0" bev="0" fileid="2" />
                <SequencePoint vc="1" uspid="4160" ordinal="0" offset="84" sl="179" sc="9" el="179" ec="9" bec="0" bev="0" fileid="2" />
                <SequencePoint vc="1" uspid="4161" ordinal="0" offset="100" sl="181" sc="9" el="181" ec="9" bec="0" bev="0" fileid="2" />
                <SequencePoint vc="1" uspid="4162" ordinal="0" offset="129" sl="183" sc="9" el="183" ec="9" bec="0" bev="0" fileid="2" />
                <SequencePoint vc="1" uspid="4163" ordinal="0" offset="146" sl="185" sc="9" el="185" ec="9" bec="0" bev="0" fileid="2" />
                <SequencePoint vc="1" uspid="4164" ordinal="0" offset="175" sl="187" sc="9" el="187" ec="9" bec="0" bev="0" fileid="2" />
                <SequencePoint vc="1" uspid="4165" ordinal="0" offset="198" sl="188" sc="5" el="188" ec="5" bec="0" bev="0" fileid="2" />
              </SequencePoints>
              <BranchPoints />
            </Method>
          </Methods>
        </Class>
      </Classes>
    </Module>
    <Module>
      <Summary numSequencePoints="590" visitedSequencePoints="245" numBranchPoints="0" visitedBranchPoints="0" sequenceCoverage="41.53" branchCoverage="0.0" maxCyclomaticComplexity="0" minCyclomaticComplexity="0" maxCrapScore="0" minCrapScore="0" visitedClasses="11" numClasses="13" visitedMethods="39" numMethods="41" />
      <ModuleTime>0001-01-01T00:00:00</ModuleTime>
      <ModuleName>scripts</ModuleName>
      <Files>
        <File uid="3" fullPath="/Users/satwikakancharla/2024Fall-Team33-Srougi/VRBiotechMinigames/Assets/AngleAlertNotificationUI.cs" />
        <File uid="4" fullPath="/Users/satwikakancharla/2024Fall-Team33-Srougi/VRBiotechMinigames/Assets/Scripts/bottle.cs" />
        <File uid="5" fullPath="/Users/satwikakancharla/2024Fall-Team33-Srougi/VRBiotechMinigames/Assets/Scripts/cap.cs" />
        <File uid="6" fullPath="/Users/satwikakancharla/2024Fall-Team33-Srougi/VRBiotechMinigames/Assets/Scripts/HandInteractionManager.cs" />
        <File uid="7" fullPath="/Users/satwikakancharla/2024Fall-Team33-Srougi/VRBiotechMinigames/Assets/Scripts/HoverLabelUI.cs" />
        <File uid="8" fullPath="/Users/satwikakancharla/2024Fall-Team33-Srougi/VRBiotechMinigames/Assets/Scripts/InteractableLabel.cs" />
        <File uid="9" fullPath="/Users/satwikakancharla/2024Fall-Team33-Srougi/VRBiotechMinigames/Assets/Scripts/LabJournalUI.cs" />
        <File uid="10" fullPath="/Users/satwikakancharla/2024Fall-Team33-Srougi/VRBiotechMinigames/Assets/Scripts/liquid.cs" />
        <File uid="11" fullPath="/Users/satwikakancharla/2024Fall-Team33-Srougi/VRBiotechMinigames/Assets/Scripts/pipetteaid.cs" />
        <File uid="12" fullPath="/Users/satwikakancharla/2024Fall-Team33-Srougi/VRBiotechMinigames/Assets/Scripts/Serologicals.cs" />
        <File uid="13" fullPath="/Users/satwikakancharla/2024Fall-Team33-Srougi/VRBiotechMinigames/Assets/Scripts/TaskListManager.cs" />
        <File uid="14" fullPath="/Users/satwikakancharla/2024Fall-Team33-Srougi/VRBiotechMinigames/Assets/Sponsor Assets/InteractorSwitcher.cs" />
        <File uid="15" fullPath="/Users/satwikakancharla/2024Fall-Team33-Srougi/VRBiotechMinigames/Assets/TrashBag.cs" />
        <File uid="16" fullPath="/Users/satwikakancharla/2024Fall-Team33-Srougi/VRBiotechMinigames/Assets/_Course Library/Scripts/Actions/ApplyPhysics.cs" />
        <File uid="17" fullPath="/Users/satwikakancharla/2024Fall-Team33-Srougi/VRBiotechMinigames/Assets/_Course Library/Scripts/Actions/ChangeMaterial.cs" />
        <File uid="18" fullPath="/Users/satwikakancharla/2024Fall-Team33-Srougi/VRBiotechMinigames/Assets/_Course Library/Scripts/Actions/ConvertValueToHue.cs" />
        <File uid="19" fullPath="/Users/satwikakancharla/2024Fall-Team33-Srougi/VRBiotechMinigames/Assets/_Course Library/Scripts/Actions/CreateTrail.cs" />
        <File uid="20" fullPath="/Users/satwikakancharla/2024Fall-Team33-Srougi/VRBiotechMinigames/Assets/_Course Library/Scripts/Actions/DestroyObject.cs" />
        <File uid="21" fullPath="/Users/satwikakancharla/2024Fall-Team33-Srougi/VRBiotechMinigames/Assets/_Course Library/Scripts/Actions/FadeCanvas.cs" />
        <File uid="22" fullPath="/Users/satwikakancharla/2024Fall-Team33-Srougi/VRBiotechMinigames/Assets/_Course Library/Scripts/Actions/FadeCanvasOnOverlap.cs" />
        <File uid="23" fullPath="/Users/satwikakancharla/2024Fall-Team33-Srougi/VRBiotechMinigames/Assets/_Course Library/Scripts/Actions/LaunchProjectile.cs" />
        <File uid="24" fullPath="/Users/satwikakancharla/2024Fall-Team33-Srougi/VRBiotechMinigames/Assets/_Course Library/Scripts/Actions/LoadScene.cs" />
        <File uid="25" fullPath="/Users/satwikakancharla/2024Fall-Team33-Srougi/VRBiotechMinigames/Assets/_Course Library/Scripts/Actions/LookAtPlayer.cs" />
        <File uid="26" fullPath="/Users/satwikakancharla/2024Fall-Team33-Srougi/VRBiotechMinigames/Assets/_Course Library/Scripts/Actions/ManuallySelectObject.cs" />
        <File uid="27" fullPath="/Users/satwikakancharla/2024Fall-Team33-Srougi/VRBiotechMinigames/Assets/_Course Library/Scripts/Actions/MatchRotation.cs" />
        <File uid="28" fullPath="/Users/satwikakancharla/2024Fall-Team33-Srougi/VRBiotechMinigames/Assets/_Course Library/Scripts/Actions/MoveWithVelocity.cs" />
        <File uid="29" fullPath="/Users/satwikakancharla/2024Fall-Team33-Srougi/VRBiotechMinigames/Assets/_Course Library/Scripts/Actions/PlayAnimation.cs" />
        <File uid="30" fullPath="/Users/satwikakancharla/2024Fall-Team33-Srougi/VRBiotechMinigames/Assets/_Course Library/Scripts/Actions/PlayContinuousSound.cs" />
        <File uid="31" fullPath="/Users/satwikakancharla/2024Fall-Team33-Srougi/VRBiotechMinigames/Assets/_Course Library/Scripts/Actions/PlayQuickSound.cs" />
        <File uid="32" fullPath="/Users/satwikakancharla/2024Fall-Team33-Srougi/VRBiotechMinigames/Assets/_Course Library/Scripts/Actions/PlaySoundsFromList.cs" />
        <File uid="33" fullPath="/Users/satwikakancharla/2024Fall-Team33-Srougi/VRBiotechMinigames/Assets/_Course Library/Scripts/Actions/PlayVideo.cs" />
        <File uid="34" fullPath="/Users/satwikakancharla/2024Fall-Team33-Srougi/VRBiotechMinigames/Assets/_Course Library/Scripts/Actions/RemoveObjectsWithTag.cs" />
        <File uid="35" fullPath="/Users/satwikakancharla/2024Fall-Team33-Srougi/VRBiotechMinigames/Assets/_Course Library/Scripts/Actions/RotateObject.cs" />
        <File uid="36" fullPath="/Users/satwikakancharla/2024Fall-Team33-Srougi/VRBiotechMinigames/Assets/_Course Library/Scripts/Actions/ScaleObject.cs" />
        <File uid="37" fullPath="/Users/satwikakancharla/2024Fall-Team33-Srougi/VRBiotechMinigames/Assets/_Course Library/Scripts/Actions/SetInteractionLayer.cs" />
        <File uid="38" fullPath="/Users/satwikakancharla/2024Fall-Team33-Srougi/VRBiotechMinigames/Assets/_Course Library/Scripts/Actions/SetLightColor.cs" />
        <File uid="39" fullPath="/Users/satwikakancharla/2024Fall-Team33-Srougi/VRBiotechMinigames/Assets/_Course Library/Scripts/Actions/SetLightIntensity.cs" />
        <File uid="40" fullPath="/Users/satwikakancharla/2024Fall-Team33-Srougi/VRBiotechMinigames/Assets/_Course Library/Scripts/Actions/SetMaterialColor.cs" />
        <File uid="41" fullPath="/Users/satwikakancharla/2024Fall-Team33-Srougi/VRBiotechMinigames/Assets/_Course Library/Scripts/Actions/SetParticleRate.cs" />
        <File uid="42" fullPath="/Users/satwikakancharla/2024Fall-Team33-Srougi/VRBiotechMinigames/Assets/_Course Library/Scripts/Actions/SetVolume.cs" />
        <File uid="43" fullPath="/Users/satwikakancharla/2024Fall-Team33-Srougi/VRBiotechMinigames/Assets/_Course Library/Scripts/Actions/ShowMessageFromList.cs" />
        <File uid="44" fullPath="/Users/satwikakancharla/2024Fall-Team33-Srougi/VRBiotechMinigames/Assets/_Course Library/Scripts/Actions/SpawnFromList.cs" />
        <File uid="45" fullPath="/Users/satwikakancharla/2024Fall-Team33-Srougi/VRBiotechMinigames/Assets/_Course Library/Scripts/Actions/SpawnObject.cs" />
        <File uid="46" fullPath="/Users/satwikakancharla/2024Fall-Team33-Srougi/VRBiotechMinigames/Assets/_Course Library/Scripts/Actions/StickToObject.cs" />
        <File uid="47" fullPath="/Users/satwikakancharla/2024Fall-Team33-Srougi/VRBiotechMinigames/Assets/_Course Library/Scripts/Actions/TeleportPlayer.cs" />
        <File uid="48" fullPath="/Users/satwikakancharla/2024Fall-Team33-Srougi/VRBiotechMinigames/Assets/_Course Library/Scripts/Actions/ToggleInterface.cs" />
        <File uid="49" fullPath="/Users/satwikakancharla/2024Fall-Team33-Srougi/VRBiotechMinigames/Assets/_Course Library/Scripts/Actions/ToggleLight.cs" />
        <File uid="50" fullPath="/Users/satwikakancharla/2024Fall-Team33-Srougi/VRBiotechMinigames/Assets/_Course Library/Scripts/Actions/ToggleParticle.cs" />
        <File uid="51" fullPath="/Users/satwikakancharla/2024Fall-Team33-Srougi/VRBiotechMinigames/Assets/_Course Library/Scripts/Actions/ToggleRay.cs" />
        <File uid="52" fullPath="/Users/satwikakancharla/2024Fall-Team33-Srougi/VRBiotechMinigames/Assets/_Course Library/Scripts/Actions/ToggleVisibility.cs" />
        <File uid="53" fullPath="/Users/satwikakancharla/2024Fall-Team33-Srougi/VRBiotechMinigames/Assets/_Course Library/Scripts/Actions/TranslateObject.cs" />
        <File uid="54" fullPath="/Users/satwikakancharla/2024Fall-Team33-Srougi/VRBiotechMinigames/Assets/_Course Library/Scripts/Actions/VibrateController.cs" />
        <File uid="55" fullPath="/Users/satwikakancharla/2024Fall-Team33-Srougi/VRBiotechMinigames/Assets/_Course Library/Scripts/Conditions/OnButtonPress.cs" />
        <File uid="56" fullPath="/Users/satwikakancharla/2024Fall-Team33-Srougi/VRBiotechMinigames/Assets/_Course Library/Scripts/Conditions/OnCollision.cs" />
        <File uid="57" fullPath="/Users/satwikakancharla/2024Fall-Team33-Srougi/VRBiotechMinigames/Assets/_Course Library/Scripts/Conditions/OnJoystickMove.cs" />
        <File uid="58" fullPath="/Users/satwikakancharla/2024Fall-Team33-Srougi/VRBiotechMinigames/Assets/_Course Library/Scripts/Conditions/OnPull.cs" />
        <File uid="59" fullPath="/Users/satwikakancharla/2024Fall-Team33-Srougi/VRBiotechMinigames/Assets/_Course Library/Scripts/Conditions/OnSceneLoad.cs" />
        <File uid="60" fullPath="/Users/satwikakancharla/2024Fall-Team33-Srougi/VRBiotechMinigames/Assets/_Course Library/Scripts/Conditions/OnTilt.cs" />
        <File uid="61" fullPath="/Users/satwikakancharla/2024Fall-Team33-Srougi/VRBiotechMinigames/Assets/_Course Library/Scripts/Conditions/OnTimedInterval.cs" />
        <File uid="62" fullPath="/Users/satwikakancharla/2024Fall-Team33-Srougi/VRBiotechMinigames/Assets/_Course Library/Scripts/Conditions/OnTrigger.cs" />
        <File uid="63" fullPath="/Users/satwikakancharla/2024Fall-Team33-Srougi/VRBiotechMinigames/Assets/_Course Library/Scripts/Conditions/OnVelocity.cs" />
        <File uid="64" fullPath="/Users/satwikakancharla/2024Fall-Team33-Srougi/VRBiotechMinigames/Assets/_Course Library/Scripts/Controls/XRButton.cs" />
        <File uid="65" fullPath="/Users/satwikakancharla/2024Fall-Team33-Srougi/VRBiotechMinigames/Assets/_Course Library/Scripts/Controls/XRJoystick.cs" />
        <File uid="66" fullPath="/Users/satwikakancharla/2024Fall-Team33-Srougi/VRBiotechMinigames/Assets/_Course Library/Scripts/Controls/XRKnob.cs" />
        <File uid="67" fullPath="/Users/satwikakancharla/2024Fall-Team33-Srougi/VRBiotechMinigames/Assets/_Course Library/Scripts/Controls/XRLever.cs" />
        <File uid="68" fullPath="/Users/satwikakancharla/2024Fall-Team33-Srougi/VRBiotechMinigames/Assets/_Course Library/Scripts/Controls/XRSlider.cs" />
        <File uid="69" fullPath="/Users/satwikakancharla/2024Fall-Team33-Srougi/VRBiotechMinigames/Assets/_Course Library/Scripts/Testing/DisplayFPS.cs" />
        <File uid="70" fullPath="/Users/satwikakancharla/2024Fall-Team33-Srougi/VRBiotechMinigames/Assets/_Course Library/Scripts/Testing/Notes.cs" />
        <File uid="71" fullPath="/Users/satwikakancharla/2024Fall-Team33-Srougi/VRBiotechMinigames/Assets/_Course Library/Scripts/Testing/TeleportAnchorWithFade.cs" />
        <File uid="72" fullPath="/Users/satwikakancharla/2024Fall-Team33-Srougi/VRBiotechMinigames/Assets/_Course Library/Scripts/Testing/TeleportAreaWithFade.cs" />
        <File uid="73" fullPath="/Users/satwikakancharla/2024Fall-Team33-Srougi/VRBiotechMinigames/Assets/_Course Library/Source Files/Editor/XRButtonEditor.cs" />
        <File uid="74" fullPath="/Users/satwikakancharla/2024Fall-Team33-Srougi/VRBiotechMinigames/Assets/_Course Library/Source Files/Editor/XRJoystickEditor.cs" />
        <File uid="75" fullPath="/Users/satwikakancharla/2024Fall-Team33-Srougi/VRBiotechMinigames/Assets/_Course Library/Source Files/Editor/XRKnobEditor.cs" />
        <File uid="76" fullPath="/Users/satwikakancharla/2024Fall-Team33-Srougi/VRBiotechMinigames/Assets/_Course Library/Source Files/Editor/XRLeverEditor.cs" />
        <File uid="77" fullPath="/Users/satwikakancharla/2024Fall-Team33-Srougi/VRBiotechMinigames/Assets/_Course Library/Source Files/Editor/XRSliderEditor.cs" />
      </Files>
      <Classes>
        <Class>
          <Summary numSequencePoints="16" visitedSequencePoints="10" numBranchPoints="0" visitedBranchPoints="0" sequenceCoverage="62.50" branchCoverage="0.0" maxCyclomaticComplexity="0" minCyclomaticComplexity="0" maxCrapScore="0" minCrapScore="0" visitedClasses="1" numClasses="1" visitedMethods="3" numMethods="3" />
          <FullName>AngleAlertNotificationUI</FullName>
          <Methods>
            <Method visited="true" cyclomaticComplexity="0" nPathComplexity="0" sequenceCoverage="100.0" branchCoverage="0" crapScore="0" isConstructor="false" isStatic="false" isGetter="false" isSetter="false">
              <Summary numSequencePoints="4" visitedSequencePoints="4" numBranchPoints="0" visitedBranchPoints="0" sequenceCoverage="100.0" branchCoverage="0" maxCyclomaticComplexity="0" minCyclomaticComplexity="0" maxCrapScore="0" minCrapScore="0" visitedClasses="0" numClasses="0" visitedMethods="1" numMethods="1" />
              <MetadataToken>100663297</MetadataToken>
              <Name>System.Void AngleAlertNotificationUI::Start()</Name>
              <FileRef uid="3" />
              <SequencePoints>
                <SequencePoint vc="4" uspid="4166" ordinal="0" offset="0" sl="22" sc="5" el="22" ec="5" bec="0" bev="0" fileid="3" />
                <SequencePoint vc="4" uspid="4167" ordinal="0" offset="1" sl="23" sc="9" el="23" ec="9" bec="0" bev="0" fileid="3" />
                <SequencePoint vc="4" uspid="4168" ordinal="0" offset="18" sl="24" sc="9" el="24" ec="9" bec="0" bev="0" fileid="3" />
                <SequencePoint vc="4" uspid="4169" ordinal="0" offset="31" sl="25" sc="5" el="25" ec="5" bec="0" bev="0" fileid="3" />
              </SequencePoints>
              <BranchPoints />
            </Method>
            <Method visited="true" cyclomaticComplexity="0" nPathComplexity="0" sequenceCoverage="40.00" branchCoverage="0" crapScore="0" isConstructor="false" isStatic="false" isGetter="false" isSetter="false">
              <Summary numSequencePoints="10" visitedSequencePoints="4" numBranchPoints="0" visitedBranchPoints="0" sequenceCoverage="40.00" branchCoverage="0" maxCyclomaticComplexity="0" minCyclomaticComplexity="0" maxCrapScore="0" minCrapScore="0" visitedClasses="0" numClasses="0" visitedMethods="1" numMethods="1" />
              <MetadataToken>100663298</MetadataToken>
              <Name>System.Void AngleAlertNotificationUI::Update()</Name>
              <FileRef uid="3" />
              <SequencePoints>
                <SequencePoint vc="156" uspid="4170" ordinal="0" offset="0" sl="28" sc="5" el="28" ec="5" bec="0" bev="0" fileid="3" />
                <SequencePoint vc="156" uspid="4171" ordinal="0" offset="1" sl="30" sc="9" el="30" ec="9" bec="0" bev="0" fileid="3" />
                <SequencePoint vc="0" uspid="4172" ordinal="0" offset="32" sl="31" sc="9" el="31" ec="9" bec="0" bev="0" fileid="3" />
                <SequencePoint vc="0" uspid="4173" ordinal="0" offset="33" sl="32" sc="13" el="32" ec="13" bec="0" bev="0" fileid="3" />
                <SequencePoint vc="0" uspid="4174" ordinal="0" offset="40" sl="33" sc="9" el="33" ec="9" bec="0" bev="0" fileid="3" />
                <SequencePoint vc="156" uspid="4175" ordinal="0" offset="43" sl="34" sc="14" el="34" ec="14" bec="0" bev="0" fileid="3" />
                <SequencePoint vc="0" uspid="4176" ordinal="0" offset="85" sl="35" sc="9" el="35" ec="9" bec="0" bev="0" fileid="3" />
                <SequencePoint vc="0" uspid="4177" ordinal="0" offset="86" sl="36" sc="13" el="36" ec="13" bec="0" bev="0" fileid="3" />
                <SequencePoint vc="0" uspid="4178" ordinal="0" offset="93" sl="37" sc="9" el="37" ec="9" bec="0" bev="0" fileid="3" />
                <SequencePoint vc="156" uspid="4179" ordinal="0" offset="94" sl="38" sc="5" el="38" ec="5" bec="0" bev="0" fileid="3" />
              </SequencePoints>
              <BranchPoints />
            </Method>
            <Method visited="true" cyclomaticComplexity="0" nPathComplexity="0" sequenceCoverage="100.0" branchCoverage="0" crapScore="0" isConstructor="true" isStatic="false" isGetter="false" isSetter="false">
              <Summary numSequencePoints="2" visitedSequencePoints="2" numBranchPoints="0" visitedBranchPoints="0" sequenceCoverage="100.0" branchCoverage="0" maxCyclomaticComplexity="0" minCyclomaticComplexity="0" maxCrapScore="0" minCrapScore="0" visitedClasses="0" numClasses="0" visitedMethods="1" numMethods="1" />
              <MetadataToken>100663301</MetadataToken>
              <Name>AngleAlertNotificationUI::AngleAlertNotificationUI()</Name>
              <FileRef uid="3" />
              <SequencePoints>
                <SequencePoint vc="4" uspid="4209" ordinal="0" offset="0" sl="17" sc="5" el="17" ec="5" bec="0" bev="0" fileid="3" />
                <SequencePoint vc="4" uspid="4210" ordinal="0" offset="11" sl="19" sc="5" el="19" ec="5" bec="0" bev="0" fileid="3" />
              </SequencePoints>
              <BranchPoints />
            </Method>
          </Methods>
        </Class>
        <Class>
          <Summary numSequencePoints="139" visitedSequencePoints="34" numBranchPoints="0" visitedBranchPoints="0" sequenceCoverage="24.46" branchCoverage="0.0" maxCyclomaticComplexity="0" minCyclomaticComplexity="0" maxCrapScore="0" minCrapScore="0" visitedClasses="1" numClasses="1" visitedMethods="6" numMethods="6" />
          <FullName>bottle</FullName>
          <Methods>
            <Method visited="true" cyclomaticComplexity="0" nPathComplexity="0" sequenceCoverage="76.92" branchCoverage="0" crapScore="0" isConstructor="false" isStatic="false" isGetter="false" isSetter="false">
              <Summary numSequencePoints="13" visitedSequencePoints="10" numBranchPoints="0" visitedBranchPoints="0" sequenceCoverage="76.92" branchCoverage="0" maxCyclomaticComplexity="0" minCyclomaticComplexity="0" maxCrapScore="0" minCrapScore="0" visitedClasses="0" numClasses="0" visitedMethods="1" numMethods="1" />
              <MetadataToken>100663302</MetadataToken>
              <Name>System.Void bottle::Start()</Name>
              <FileRef uid="4" />
              <SequencePoints>
                <SequencePoint vc="5" uspid="4211" ordinal="0" offset="0" sl="60" sc="5" el="60" ec="5" bec="0" bev="0" fileid="4" />
                <SequencePoint vc="5" uspid="4212" ordinal="0" offset="1" sl="61" sc="9" el="61" ec="9" bec="0" bev="0" fileid="4" />
                <SequencePoint vc="5" uspid="4213" ordinal="0" offset="18" sl="62" sc="9" el="62" ec="9" bec="0" bev="0" fileid="4" />
                <SequencePoint vc="0" uspid="4214" ordinal="0" offset="34" sl="63" sc="9" el="63" ec="9" bec="0" bev="0" fileid="4" />
                <SequencePoint vc="0" uspid="4215" ordinal="0" offset="35" sl="64" sc="13" el="64" ec="13" bec="0" bev="0" fileid="4" />
                <SequencePoint vc="0" uspid="4216" ordinal="0" offset="46" sl="65" sc="9" el="65" ec="9" bec="0" bev="0" fileid="4" />
                <SequencePoint vc="5" uspid="4217" ordinal="0" offset="47" sl="68" sc="9" el="68" ec="9" bec="0" bev="0" fileid="4" />
                <SequencePoint vc="5" uspid="4218" ordinal="0" offset="64" sl="69" sc="9" el="69" ec="9" bec="0" bev="0" fileid="4" />
                <SequencePoint vc="5" uspid="4219" ordinal="0" offset="76" sl="70" sc="9" el="70" ec="9" bec="0" bev="0" fileid="4" />
                <SequencePoint vc="5" uspid="4220" ordinal="0" offset="82" sl="71" sc="9" el="71" ec="9" bec="0" bev="0" fileid="4" />
                <SequencePoint vc="5" uspid="4221" ordinal="0" offset="95" sl="72" sc="9" el="72" ec="9" bec="0" bev="0" fileid="4" />
                <SequencePoint vc="5" uspid="4222" ordinal="0" offset="108" sl="73" sc="9" el="73" ec="9" bec="0" bev="0" fileid="4" />
                <SequencePoint vc="5" uspid="4223" ordinal="0" offset="115" sl="74" sc="5" el="74" ec="5" bec="0" bev="0" fileid="4" />
              </SequencePoints>
              <BranchPoints />
            </Method>
            <Method visited="true" cyclomaticComplexity="0" nPathComplexity="0" sequenceCoverage="13.73" branchCoverage="0" crapScore="0" isConstructor="false" isStatic="false" isGetter="false" isSetter="false">
              <Summary numSequencePoints="51" visitedSequencePoints="7" numBranchPoints="0" visitedBranchPoints="0" sequenceCoverage="13.73" branchCoverage="0" maxCyclomaticComplexity="0" minCyclomaticComplexity="0" maxCrapScore="0" minCrapScore="0" visitedClasses="0" numClasses="0" visitedMethods="1" numMethods="1" />
              <MetadataToken>100663303</MetadataToken>
              <Name>System.Void bottle::Update()</Name>
              <FileRef uid="4" />
              <SequencePoints>
                <SequencePoint vc="157" uspid="4224" ordinal="0" offset="0" sl="78" sc="5" el="78" ec="5" bec="0" bev="0" fileid="4" />
                <SequencePoint vc="157" uspid="4225" ordinal="0" offset="1" sl="79" sc="9" el="79" ec="9" bec="0" bev="0" fileid="4" />
                <SequencePoint vc="68" uspid="4226" ordinal="0" offset="18" sl="80" sc="9" el="80" ec="9" bec="0" bev="0" fileid="4" />
                <SequencePoint vc="68" uspid="4227" ordinal="0" offset="19" sl="81" sc="13" el="81" ec="13" bec="0" bev="0" fileid="4" />
                <SequencePoint vc="68" uspid="4228" ordinal="0" offset="31" sl="82" sc="9" el="82" ec="9" bec="0" bev="0" fileid="4" />
                <SequencePoint vc="157" uspid="4229" ordinal="0" offset="32" sl="83" sc="9" el="83" ec="9" bec="0" bev="0" fileid="4" />
                <SequencePoint vc="0" uspid="4230" ordinal="0" offset="51" sl="84" sc="9" el="84" ec="9" bec="0" bev="0" fileid="4" />
                <SequencePoint vc="0" uspid="4231" ordinal="0" offset="52" sl="85" sc="13" el="85" ec="13" bec="0" bev="0" fileid="4" />
                <SequencePoint vc="0" uspid="4232" ordinal="0" offset="59" sl="86" sc="13" el="86" ec="13" bec="0" bev="0" fileid="4" />
                <SequencePoint vc="0" uspid="4233" ordinal="0" offset="92" sl="87" sc="13" el="87" ec="13" bec="0" bev="0" fileid="4" />
                <SequencePoint vc="0" uspid="4234" ordinal="0" offset="93" sl="88" sc="17" el="88" ec="17" bec="0" bev="0" fileid="4" />
                <SequencePoint vc="0" uspid="4235" ordinal="0" offset="104" sl="89" sc="17" el="89" ec="17" bec="0" bev="0" fileid="4" />
                <SequencePoint vc="0" uspid="4236" ordinal="0" offset="109" sl="92" sc="13" el="92" ec="13" bec="0" bev="0" fileid="4" />
                <SequencePoint vc="0" uspid="4237" ordinal="0" offset="150" sl="93" sc="13" el="93" ec="13" bec="0" bev="0" fileid="4" />
                <SequencePoint vc="0" uspid="4238" ordinal="0" offset="151" sl="94" sc="17" el="94" ec="17" bec="0" bev="0" fileid="4" />
                <SequencePoint vc="0" uspid="4239" ordinal="0" offset="176" sl="95" sc="17" el="95" ec="17" bec="0" bev="0" fileid="4" />
                <SequencePoint vc="0" uspid="4240" ordinal="0" offset="183" sl="97" sc="13" el="97" ec="13" bec="0" bev="0" fileid="4" />
                <SequencePoint vc="0" uspid="4241" ordinal="0" offset="189" sl="98" sc="18" el="98" ec="18" bec="0" bev="0" fileid="4" />
                <SequencePoint vc="0" uspid="4242" ordinal="0" offset="243" sl="99" sc="13" el="99" ec="13" bec="0" bev="0" fileid="4" />
                <SequencePoint vc="0" uspid="4243" ordinal="0" offset="244" sl="101" sc="17" el="101" ec="17" bec="0" bev="0" fileid="4" />
                <SequencePoint vc="0" uspid="4244" ordinal="0" offset="269" sl="103" sc="17" el="103" ec="17" bec="0" bev="0" fileid="4" />
                <SequencePoint vc="0" uspid="4245" ordinal="0" offset="276" sl="104" sc="17" el="104" ec="17" bec="0" bev="0" fileid="4" />
                <SequencePoint vc="0" uspid="4246" ordinal="0" offset="301" sl="105" sc="17" el="105" ec="17" bec="0" bev="0" fileid="4" />
                <SequencePoint vc="0" uspid="4247" ordinal="0" offset="302" sl="106" sc="21" el="106" ec="21" bec="0" bev="0" fileid="4" />
                <SequencePoint vc="0" uspid="4248" ordinal="0" offset="314" sl="107" sc="21" el="107" ec="21" bec="0" bev="0" fileid="4" />
                <SequencePoint vc="0" uspid="4249" ordinal="0" offset="321" sl="108" sc="17" el="108" ec="17" bec="0" bev="0" fileid="4" />
                <SequencePoint vc="0" uspid="4250" ordinal="0" offset="322" sl="109" sc="17" el="109" ec="17" bec="0" bev="0" fileid="4" />
                <SequencePoint vc="0" uspid="4251" ordinal="0" offset="347" sl="110" sc="17" el="110" ec="17" bec="0" bev="0" fileid="4" />
                <SequencePoint vc="0" uspid="4252" ordinal="0" offset="348" sl="111" sc="21" el="111" ec="21" bec="0" bev="0" fileid="4" />
                <SequencePoint vc="0" uspid="4253" ordinal="0" offset="360" sl="112" sc="21" el="112" ec="21" bec="0" bev="0" fileid="4" />
                <SequencePoint vc="0" uspid="4254" ordinal="0" offset="367" sl="113" sc="17" el="113" ec="17" bec="0" bev="0" fileid="4" />
                <SequencePoint vc="0" uspid="4255" ordinal="0" offset="368" sl="114" sc="17" el="114" ec="17" bec="0" bev="0" fileid="4" />
                <SequencePoint vc="0" uspid="4256" ordinal="0" offset="404" sl="114" sc="60" el="114" ec="60" bec="0" bev="0" fileid="4" />
                <SequencePoint vc="0" uspid="4257" ordinal="0" offset="405" sl="115" sc="21" el="115" ec="21" bec="0" bev="0" fileid="4" />
                <SequencePoint vc="0" uspid="4258" ordinal="0" offset="416" sl="116" sc="21" el="116" ec="21" bec="0" bev="0" fileid="4" />
                <SequencePoint vc="0" uspid="4259" ordinal="0" offset="423" sl="117" sc="17" el="117" ec="17" bec="0" bev="0" fileid="4" />
                <SequencePoint vc="0" uspid="4260" ordinal="0" offset="424" sl="119" sc="17" el="119" ec="17" bec="0" bev="0" fileid="4" />
                <SequencePoint vc="0" uspid="4261" ordinal="0" offset="460" sl="119" sc="57" el="119" ec="57" bec="0" bev="0" fileid="4" />
                <SequencePoint vc="0" uspid="4262" ordinal="0" offset="461" sl="120" sc="21" el="120" ec="21" bec="0" bev="0" fileid="4" />
                <SequencePoint vc="0" uspid="4263" ordinal="0" offset="472" sl="121" sc="21" el="121" ec="21" bec="0" bev="0" fileid="4" />
                <SequencePoint vc="0" uspid="4264" ordinal="0" offset="479" sl="122" sc="17" el="122" ec="17" bec="0" bev="0" fileid="4" />
                <SequencePoint vc="0" uspid="4265" ordinal="0" offset="480" sl="123" sc="13" el="123" ec="13" bec="0" bev="0" fileid="4" />
                <SequencePoint vc="0" uspid="4266" ordinal="0" offset="483" sl="125" sc="13" el="125" ec="13" bec="0" bev="0" fileid="4" />
                <SequencePoint vc="0" uspid="4267" ordinal="0" offset="484" sl="126" sc="17" el="126" ec="17" bec="0" bev="0" fileid="4" />
                <SequencePoint vc="0" uspid="4268" ordinal="0" offset="495" sl="127" sc="13" el="127" ec="13" bec="0" bev="0" fileid="4" />
                <SequencePoint vc="0" uspid="4269" ordinal="0" offset="496" sl="129" sc="13" el="129" ec="13" bec="0" bev="0" fileid="4" />
                <SequencePoint vc="0" uspid="4270" ordinal="0" offset="518" sl="130" sc="13" el="130" ec="13" bec="0" bev="0" fileid="4" />
                <SequencePoint vc="0" uspid="4271" ordinal="0" offset="519" sl="131" sc="17" el="131" ec="17" bec="0" bev="0" fileid="4" />
                <SequencePoint vc="0" uspid="4272" ordinal="0" offset="532" sl="132" sc="13" el="132" ec="13" bec="0" bev="0" fileid="4" />
                <SequencePoint vc="0" uspid="4273" ordinal="0" offset="533" sl="133" sc="9" el="133" ec="9" bec="0" bev="0" fileid="4" />
                <SequencePoint vc="157" uspid="4274" ordinal="0" offset="534" sl="134" sc="5" el="134" ec="5" bec="0" bev="0" fileid="4" />
              </SequencePoints>
              <BranchPoints />
            </Method>
            <Method visited="true" cyclomaticComplexity="0" nPathComplexity="0" sequenceCoverage="18.75" branchCoverage="0" crapScore="0" isConstructor="false" isStatic="false" isGetter="false" isSetter="false">
              <Summary numSequencePoints="16" visitedSequencePoints="3" numBranchPoints="0" visitedBranchPoints="0" sequenceCoverage="18.75" branchCoverage="0" maxCyclomaticComplexity="0" minCyclomaticComplexity="0" maxCrapScore="0" minCrapScore="0" visitedClasses="0" numClasses="0" visitedMethods="1" numMethods="1" />
              <MetadataToken>100663304</MetadataToken>
              <Name>System.Void bottle::OnTriggerEnter(UnityEngine.Collider)</Name>
              <FileRef uid="4" />
              <SequencePoints>
                <SequencePoint vc="3" uspid="4275" ordinal="0" offset="0" sl="138" sc="5" el="138" ec="5" bec="0" bev="0" fileid="4" />
                <SequencePoint vc="3" uspid="4276" ordinal="0" offset="1" sl="140" sc="9" el="140" ec="9" bec="0" bev="0" fileid="4" />
                <SequencePoint vc="0" uspid="4277" ordinal="0" offset="61" sl="141" sc="9" el="141" ec="9" bec="0" bev="0" fileid="4" />
                <SequencePoint vc="0" uspid="4278" ordinal="0" offset="62" sl="142" sc="13" el="142" ec="13" bec="0" bev="0" fileid="4" />
                <SequencePoint vc="0" uspid="4279" ordinal="0" offset="69" sl="143" sc="13" el="143" ec="13" bec="0" bev="0" fileid="4" />
                <SequencePoint vc="0" uspid="4280" ordinal="0" offset="81" sl="144" sc="13" el="144" ec="13" bec="0" bev="0" fileid="4" />
                <SequencePoint vc="0" uspid="4281" ordinal="0" offset="98" sl="147" sc="13" el="147" ec="13" bec="0" bev="0" fileid="4" />
                <SequencePoint vc="0" uspid="4282" ordinal="0" offset="114" sl="148" sc="13" el="148" ec="13" bec="0" bev="0" fileid="4" />
                <SequencePoint vc="0" uspid="4283" ordinal="0" offset="115" sl="149" sc="17" el="149" ec="17" bec="0" bev="0" fileid="4" />
                <SequencePoint vc="0" uspid="4284" ordinal="0" offset="126" sl="150" sc="13" el="150" ec="13" bec="0" bev="0" fileid="4" />
                <SequencePoint vc="0" uspid="4285" ordinal="0" offset="127" sl="151" sc="13" el="151" ec="13" bec="0" bev="0" fileid="4" />
                <SequencePoint vc="0" uspid="4286" ordinal="0" offset="143" sl="152" sc="13" el="152" ec="13" bec="0" bev="0" fileid="4" />
                <SequencePoint vc="0" uspid="4287" ordinal="0" offset="144" sl="153" sc="17" el="153" ec="17" bec="0" bev="0" fileid="4" />
                <SequencePoint vc="0" uspid="4288" ordinal="0" offset="155" sl="154" sc="13" el="154" ec="13" bec="0" bev="0" fileid="4" />
                <SequencePoint vc="0" uspid="4289" ordinal="0" offset="156" sl="156" sc="9" el="156" ec="9" bec="0" bev="0" fileid="4" />
                <SequencePoint vc="3" uspid="4290" ordinal="0" offset="157" sl="158" sc="5" el="158" ec="5" bec="0" bev="0" fileid="4" />
              </SequencePoints>
              <BranchPoints />
            </Method>
            <Method visited="true" cyclomaticComplexity="0" nPathComplexity="0" sequenceCoverage="37.50" branchCoverage="0" crapScore="0" isConstructor="false" isStatic="false" isGetter="false" isSetter="false">
              <Summary numSequencePoints="8" visitedSequencePoints="3" numBranchPoints="0" visitedBranchPoints="0" sequenceCoverage="37.50" branchCoverage="0" maxCyclomaticComplexity="0" minCyclomaticComplexity="0" maxCrapScore="0" minCrapScore="0" visitedClasses="0" numClasses="0" visitedMethods="1" numMethods="1" />
              <MetadataToken>100663306</MetadataToken>
              <Name>System.Void bottle::OnTriggerExit(UnityEngine.Collider)</Name>
              <FileRef uid="4" />
              <SequencePoints>
                <SequencePoint vc="2" uspid="4297" ordinal="0" offset="0" sl="169" sc="5" el="169" ec="5" bec="0" bev="0" fileid="4" />
                <SequencePoint vc="2" uspid="4298" ordinal="0" offset="1" sl="170" sc="9" el="170" ec="9" bec="0" bev="0" fileid="4" />
                <SequencePoint vc="0" uspid="4299" ordinal="0" offset="61" sl="171" sc="9" el="171" ec="9" bec="0" bev="0" fileid="4" />
                <SequencePoint vc="0" uspid="4300" ordinal="0" offset="62" sl="172" sc="13" el="172" ec="13" bec="0" bev="0" fileid="4" />
                <SequencePoint vc="0" uspid="4301" ordinal="0" offset="69" sl="173" sc="13" el="173" ec="13" bec="0" bev="0" fileid="4" />
                <SequencePoint vc="0" uspid="4302" ordinal="0" offset="76" sl="174" sc="13" el="174" ec="13" bec="0" bev="0" fileid="4" />
                <SequencePoint vc="0" uspid="4303" ordinal="0" offset="83" sl="175" sc="9" el="175" ec="9" bec="0" bev="0" fileid="4" />
                <SequencePoint vc="2" uspid="4304" ordinal="0" offset="84" sl="176" sc="5" el="176" ec="5" bec="0" bev="0" fileid="4" />
              </SequencePoints>
              <BranchPoints />
            </Method>
            <Method visited="true" cyclomaticComplexity="0" nPathComplexity="0" sequenceCoverage="11.11" branchCoverage="0" crapScore="0" isConstructor="false" isStatic="false" isGetter="false" isSetter="false">
              <Summary numSequencePoints="45" visitedSequencePoints="5" numBranchPoints="0" visitedBranchPoints="0" sequenceCoverage="11.11" branchCoverage="0" maxCyclomaticComplexity="0" minCyclomaticComplexity="0" maxCrapScore="0" minCrapScore="0" visitedClasses="0" numClasses="0" visitedMethods="1" numMethods="1" />
              <MetadataToken>100663308</MetadataToken>
              <Name>System.Void bottle::LiquidUpdate(System.Single)</Name>
              <FileRef uid="4" />
              <SequencePoints>
                <SequencePoint vc="1" uspid="4324" ordinal="0" offset="0" sl="204" sc="5" el="204" ec="5" bec="0" bev="0" fileid="4" />
                <SequencePoint vc="1" uspid="4325" ordinal="0" offset="1" sl="205" sc="9" el="205" ec="9" bec="0" bev="0" fileid="4" />
                <SequencePoint vc="1" uspid="4326" ordinal="0" offset="17" sl="206" sc="9" el="206" ec="9" bec="0" bev="0" fileid="4" />
                <SequencePoint vc="1" uspid="4327" ordinal="0" offset="18" sl="207" sc="13" el="207" ec="13" bec="0" bev="0" fileid="4" />
                <SequencePoint vc="0" uspid="4328" ordinal="0" offset="23" sl="209" sc="9" el="209" ec="9" bec="0" bev="0" fileid="4" />
                <SequencePoint vc="0" uspid="4329" ordinal="0" offset="70" sl="210" sc="9" el="210" ec="9" bec="0" bev="0" fileid="4" />
                <SequencePoint vc="0" uspid="4330" ordinal="0" offset="71" sl="211" sc="13" el="211" ec="13" bec="0" bev="0" fileid="4" />
                <SequencePoint vc="0" uspid="4331" ordinal="0" offset="83" sl="212" sc="13" el="212" ec="13" bec="0" bev="0" fileid="4" />
                <SequencePoint vc="0" uspid="4332" ordinal="0" offset="84" sl="213" sc="17" el="213" ec="17" bec="0" bev="0" fileid="4" />
                <SequencePoint vc="0" uspid="4333" ordinal="0" offset="107" sl="214" sc="17" el="214" ec="17" bec="0" bev="0" fileid="4" />
                <SequencePoint vc="0" uspid="4334" ordinal="0" offset="114" sl="215" sc="17" el="215" ec="17" bec="0" bev="0" fileid="4" />
                <SequencePoint vc="0" uspid="4335" ordinal="0" offset="119" sl="218" sc="13" el="218" ec="13" bec="0" bev="0" fileid="4" />
                <SequencePoint vc="0" uspid="4336" ordinal="0" offset="120" sl="219" sc="17" el="219" ec="17" bec="0" bev="0" fileid="4" />
                <SequencePoint vc="0" uspid="4337" ordinal="0" offset="143" sl="220" sc="13" el="220" ec="13" bec="0" bev="0" fileid="4" />
                <SequencePoint vc="0" uspid="4338" ordinal="0" offset="144" sl="221" sc="9" el="221" ec="9" bec="0" bev="0" fileid="4" />
                <SequencePoint vc="0" uspid="4339" ordinal="0" offset="145" sl="222" sc="9" el="222" ec="9" bec="0" bev="0" fileid="4" />
                <SequencePoint vc="0" uspid="4340" ordinal="0" offset="164" sl="223" sc="9" el="223" ec="9" bec="0" bev="0" fileid="4" />
                <SequencePoint vc="0" uspid="4341" ordinal="0" offset="165" sl="225" sc="13" el="225" ec="13" bec="0" bev="0" fileid="4" />
                <SequencePoint vc="0" uspid="4342" ordinal="0" offset="172" sl="226" sc="13" el="226" ec="13" bec="0" bev="0" fileid="4" />
                <SequencePoint vc="0" uspid="4343" ordinal="0" offset="177" sl="228" sc="9" el="228" ec="9" bec="0" bev="0" fileid="4" />
                <SequencePoint vc="0" uspid="4344" ordinal="0" offset="199" sl="229" sc="9" el="229" ec="9" bec="0" bev="0" fileid="4" />
                <SequencePoint vc="0" uspid="4345" ordinal="0" offset="200" sl="230" sc="13" el="230" ec="13" bec="0" bev="0" fileid="4" />
                <SequencePoint vc="0" uspid="4346" ordinal="0" offset="211" sl="231" sc="13" el="231" ec="13" bec="0" bev="0" fileid="4" />
                <SequencePoint vc="0" uspid="4347" ordinal="0" offset="218" sl="232" sc="13" el="232" ec="13" bec="0" bev="0" fileid="4" />
                <SequencePoint vc="0" uspid="4348" ordinal="0" offset="223" sl="234" sc="9" el="234" ec="9" bec="0" bev="0" fileid="4" />
                <SequencePoint vc="0" uspid="4349" ordinal="0" offset="261" sl="235" sc="9" el="235" ec="9" bec="0" bev="0" fileid="4" />
                <SequencePoint vc="0" uspid="4350" ordinal="0" offset="262" sl="236" sc="13" el="236" ec="13" bec="0" bev="0" fileid="4" />
                <SequencePoint vc="0" uspid="4351" ordinal="0" offset="274" sl="238" sc="13" el="238" ec="13" bec="0" bev="0" fileid="4" />
                <SequencePoint vc="0" uspid="4352" ordinal="0" offset="281" sl="239" sc="13" el="239" ec="13" bec="0" bev="0" fileid="4" />
                <SequencePoint vc="0" uspid="4353" ordinal="0" offset="286" sl="242" sc="9" el="242" ec="9" bec="0" bev="0" fileid="4" />
                <SequencePoint vc="0" uspid="4354" ordinal="0" offset="303" sl="243" sc="9" el="243" ec="9" bec="0" bev="0" fileid="4" />
                <SequencePoint vc="0" uspid="4355" ordinal="0" offset="304" sl="244" sc="13" el="244" ec="13" bec="0" bev="0" fileid="4" />
                <SequencePoint vc="0" uspid="4356" ordinal="0" offset="314" sl="246" sc="13" el="246" ec="13" bec="0" bev="0" fileid="4" />
                <SequencePoint vc="0" uspid="4357" ordinal="0" offset="359" sl="247" sc="13" el="247" ec="13" bec="0" bev="0" fileid="4" />
                <SequencePoint vc="0" uspid="4358" ordinal="0" offset="373" sl="248" sc="13" el="248" ec="13" bec="0" bev="0" fileid="4" />
                <SequencePoint vc="0" uspid="4359" ordinal="0" offset="385" sl="249" sc="9" el="249" ec="9" bec="0" bev="0" fileid="4" />
                <SequencePoint vc="0" uspid="4360" ordinal="0" offset="386" sl="253" sc="9" el="253" ec="9" bec="0" bev="0" fileid="4" />
                <SequencePoint vc="0" uspid="4361" ordinal="0" offset="419" sl="254" sc="9" el="254" ec="9" bec="0" bev="0" fileid="4" />
                <SequencePoint vc="0" uspid="4362" ordinal="0" offset="420" sl="255" sc="13" el="255" ec="13" bec="0" bev="0" fileid="4" />
                <SequencePoint vc="0" uspid="4363" ordinal="0" offset="433" sl="256" sc="9" el="256" ec="9" bec="0" bev="0" fileid="4" />
                <SequencePoint vc="0" uspid="4364" ordinal="0" offset="436" sl="257" sc="14" el="257" ec="14" bec="0" bev="0" fileid="4" />
                <SequencePoint vc="0" uspid="4365" ordinal="0" offset="472" sl="258" sc="9" el="258" ec="9" bec="0" bev="0" fileid="4" />
                <SequencePoint vc="0" uspid="4366" ordinal="0" offset="473" sl="259" sc="13" el="259" ec="13" bec="0" bev="0" fileid="4" />
                <SequencePoint vc="0" uspid="4367" ordinal="0" offset="486" sl="260" sc="9" el="260" ec="9" bec="0" bev="0" fileid="4" />
                <SequencePoint vc="1" uspid="4368" ordinal="0" offset="487" sl="261" sc="5" el="261" ec="5" bec="0" bev="0" fileid="4" />
              </SequencePoints>
              <BranchPoints />
            </Method>
[...]
                <SequencePoint vc="23" uspid="4907" ordinal="0" offset="7" sl="26" sc="5" el="26" ec="5" bec="0" bev="0" fileid="12" />
              </SequencePoints>
              <BranchPoints />
            </Method>
          </Methods>
        </Class>
        <Class>
          <Summary numSequencePoints="11" visitedSequencePoints="7" numBranchPoints="0" visitedBranchPoints="0" sequenceCoverage="63.64" branchCoverage="0.0" maxCyclomaticComplexity="0" minCyclomaticComplexity="0" maxCrapScore="0" minCrapScore="0" visitedClasses="1" numClasses="1" visitedMethods="1" numMethods="1" />
          <FullName>InteractorSwitcher</FullName>
          <Methods>
            <Method visited="true" cyclomaticComplexity="0" nPathComplexity="0" sequenceCoverage="63.64" branchCoverage="0" crapScore="0" isConstructor="false" isStatic="false" isGetter="false" isSetter="false">
              <Summary numSequencePoints="11" visitedSequencePoints="7" numBranchPoints="0" visitedBranchPoints="0" sequenceCoverage="63.64" branchCoverage="0" maxCyclomaticComplexity="0" minCyclomaticComplexity="0" maxCrapScore="0" minCrapScore="0" visitedClasses="0" numClasses="0" visitedMethods="1" numMethods="1" />
              <MetadataToken>100663363</MetadataToken>
              <Name>System.Void InteractorSwitcher::Update()</Name>
              <FileRef uid="14" />
              <SequencePoints>
                <SequencePoint vc="78" uspid="4970" ordinal="0" offset="0" sl="32" sc="5" el="32" ec="5" bec="0" bev="0" fileid="14" />
                <SequencePoint vc="78" uspid="4971" ordinal="0" offset="1" sl="36" sc="9" el="36" ec="9" bec="0" bev="0" fileid="14" />
                <SequencePoint vc="0" uspid="4972" ordinal="0" offset="21" sl="37" sc="9" el="37" ec="9" bec="0" bev="0" fileid="14" />
                <SequencePoint vc="0" uspid="4973" ordinal="0" offset="22" sl="41" sc="13" el="41" ec="13" bec="0" bev="0" fileid="14" />
                <SequencePoint vc="0" uspid="4974" ordinal="0" offset="35" sl="42" sc="13" el="42" ec="13" bec="0" bev="0" fileid="14" />
                <SequencePoint vc="0" uspid="4975" ordinal="0" offset="48" sl="43" sc="9" el="43" ec="9" bec="0" bev="0" fileid="14" />
                <SequencePoint vc="78" uspid="4976" ordinal="0" offset="51" sl="45" sc="9" el="45" ec="9" bec="0" bev="0" fileid="14" />
                <SequencePoint vc="78" uspid="4977" ordinal="0" offset="52" sl="49" sc="13" el="49" ec="13" bec="0" bev="0" fileid="14" />
                <SequencePoint vc="78" uspid="4978" ordinal="0" offset="65" sl="50" sc="13" el="50" ec="13" bec="0" bev="0" fileid="14" />
                <SequencePoint vc="78" uspid="4979" ordinal="0" offset="78" sl="51" sc="9" el="51" ec="9" bec="0" bev="0" fileid="14" />
                <SequencePoint vc="78" uspid="4980" ordinal="0" offset="79" sl="52" sc="5" el="52" ec="5" bec="0" bev="0" fileid="14" />
              </SequencePoints>
              <BranchPoints />
            </Method>
          </Methods>
        </Class>
        <Class>
          <Summary numSequencePoints="10" visitedSequencePoints="10" numBranchPoints="0" visitedBranchPoints="0" sequenceCoverage="100.0" branchCoverage="0.0" maxCyclomaticComplexity="0" minCyclomaticComplexity="0" maxCrapScore="0" minCrapScore="0" visitedClasses="1" numClasses="1" visitedMethods="3" numMethods="3" />
          <FullName>ShowMessageFromList</FullName>
          <Methods>
            <Method visited="true" cyclomaticComplexity="0" nPathComplexity="0" sequenceCoverage="100.0" branchCoverage="0" crapScore="0" isConstructor="false" isStatic="false" isGetter="false" isSetter="false">
              <Summary numSequencePoints="3" visitedSequencePoints="3" numBranchPoints="0" visitedBranchPoints="0" sequenceCoverage="100.0" branchCoverage="0" maxCyclomaticComplexity="0" minCyclomaticComplexity="0" maxCrapScore="0" minCrapScore="0" visitedClasses="0" numClasses="0" visitedMethods="1" numMethods="1" />
              <MetadataToken>100663514</MetadataToken>
              <Name>System.Void ShowMessageFromList::Start()</Name>
              <FileRef uid="43" />
              <SequencePoints>
                <SequencePoint vc="1" uspid="5582" ordinal="0" offset="0" sl="23" sc="5" el="23" ec="5" bec="0" bev="0" fileid="43" />
                <SequencePoint vc="1" uspid="5583" ordinal="0" offset="1" sl="24" sc="9" el="24" ec="9" bec="0" bev="0" fileid="43" />
                <SequencePoint vc="1" uspid="5584" ordinal="0" offset="8" sl="25" sc="5" el="25" ec="5" bec="0" bev="0" fileid="43" />
              </SequencePoints>
              <BranchPoints />
            </Method>
            <Method visited="true" cyclomaticComplexity="0" nPathComplexity="0" sequenceCoverage="100.0" branchCoverage="0" crapScore="0" isConstructor="false" isStatic="false" isGetter="false" isSetter="false">
              <Summary numSequencePoints="3" visitedSequencePoints="3" numBranchPoints="0" visitedBranchPoints="0" sequenceCoverage="100.0" branchCoverage="0" maxCyclomaticComplexity="0" minCyclomaticComplexity="0" maxCrapScore="0" minCrapScore="0" visitedClasses="0" numClasses="0" visitedMethods="1" numMethods="1" />
              <MetadataToken>100663517</MetadataToken>
              <Name>System.Void ShowMessageFromList::ShowMessage()</Name>
              <FileRef uid="43" />
              <SequencePoints>
                <SequencePoint vc="1" uspid="5599" ordinal="0" offset="0" sl="48" sc="5" el="48" ec="5" bec="0" bev="0" fileid="43" />
                <SequencePoint vc="1" uspid="5600" ordinal="0" offset="1" sl="49" sc="9" el="49" ec="9" bec="0" bev="0" fileid="43" />
                <SequencePoint vc="1" uspid="5601" ordinal="0" offset="35" sl="50" sc="5" el="50" ec="5" bec="0" bev="0" fileid="43" />
              </SequencePoints>
              <BranchPoints />
            </Method>
            <Method visited="true" cyclomaticComplexity="0" nPathComplexity="0" sequenceCoverage="100.0" branchCoverage="0" crapScore="0" isConstructor="true" isStatic="false" isGetter="false" isSetter="false">
              <Summary numSequencePoints="4" visitedSequencePoints="4" numBranchPoints="0" visitedBranchPoints="0" sequenceCoverage="100.0" branchCoverage="0" maxCyclomaticComplexity="0" minCyclomaticComplexity="0" maxCrapScore="0" minCrapScore="0" visitedClasses="0" numClasses="0" visitedMethods="1" numMethods="1" />
              <MetadataToken>100663519</MetadataToken>
              <Name>ShowMessageFromList::ShowMessageFromList()</Name>
              <FileRef uid="43" />
              <SequencePoints>
                <SequencePoint vc="1" uspid="5606" ordinal="0" offset="0" sl="12" sc="5" el="12" ec="5" bec="0" bev="0" fileid="43" />
                <SequencePoint vc="1" uspid="5607" ordinal="0" offset="7" sl="15" sc="5" el="15" ec="5" bec="0" bev="0" fileid="43" />
                <SequencePoint vc="1" uspid="5608" ordinal="0" offset="18" sl="18" sc="16" el="18" ec="16" bec="0" bev="0" fileid="43" />
                <SequencePoint vc="1" uspid="5609" ordinal="0" offset="29" sl="20" sc="5" el="20" ec="5" bec="0" bev="0" fileid="43" />
              </SequencePoints>
              <BranchPoints />
            </Method>
          </Methods>
        </Class>
        <Class>
          <Summary numSequencePoints="6" visitedSequencePoints="0" numBranchPoints="0" visitedBranchPoints="0" sequenceCoverage="0.0" branchCoverage="0.0" maxCyclomaticComplexity="0" minCyclomaticComplexity="0" maxCrapScore="0" minCrapScore="0" visitedClasses="0" numClasses="1" visitedMethods="0" numMethods="1" />
          <FullName>TeleportAnchorWithFade&lt;FadeSequence&gt;d__6[T]</FullName>
          <Methods>
            <Method visited="false" cyclomaticComplexity="0" nPathComplexity="0" sequenceCoverage="0.0" branchCoverage="0" crapScore="0" isConstructor="false" isStatic="false" isGetter="false" isSetter="false">
              <Summary numSequencePoints="6" visitedSequencePoints="0" numBranchPoints="0" visitedBranchPoints="0" sequenceCoverage="0.0" branchCoverage="0" maxCyclomaticComplexity="0" minCyclomaticComplexity="0" maxCrapScore="0" minCrapScore="0" visitedClasses="0" numClasses="0" visitedMethods="0" numMethods="1" />
              <MetadataToken>100663775</MetadataToken>
              <Name>System.Boolean TeleportAnchorWithFade&lt;FadeSequence&gt;d__6[T]::MoveNext()</Name>
              <FileRef uid="71" />
              <SequencePoints>
                <SequencePoint vc="0" uspid="6635" ordinal="0" offset="31" sl="43" sc="0" el="43" ec="0" bec="0" bev="0" fileid="71" />
                <SequencePoint vc="0" uspid="6636" ordinal="0" offset="32" sl="44" sc="0" el="44" ec="0" bec="0" bev="0" fileid="71" />
                <SequencePoint vc="0" uspid="6637" ordinal="0" offset="49" sl="46" sc="0" el="46" ec="0" bec="0" bev="0" fileid="71" />
                <SequencePoint vc="0" uspid="6638" ordinal="0" offset="87" sl="47" sc="0" el="47" ec="0" bec="0" bev="0" fileid="71" />
                <SequencePoint vc="0" uspid="6639" ordinal="0" offset="105" sl="49" sc="0" el="49" ec="0" bec="0" bev="0" fileid="71" />
                <SequencePoint vc="0" uspid="6640" ordinal="0" offset="122" sl="50" sc="0" el="50" ec="0" bec="0" bev="0" fileid="71" />
              </SequencePoints>
              <BranchPoints />
            </Method>
          </Methods>
        </Class>
        <Class>
          <Summary numSequencePoints="6" visitedSequencePoints="0" numBranchPoints="0" visitedBranchPoints="0" sequenceCoverage="0.0" branchCoverage="0.0" maxCyclomaticComplexity="0" minCyclomaticComplexity="0" maxCrapScore="0" minCrapScore="0" visitedClasses="0" numClasses="1" visitedMethods="0" numMethods="1" />
          <FullName>TeleportAreaWithFade&lt;FadeSequence&gt;d__6[T]</FullName>
          <Methods>
            <Method visited="false" cyclomaticComplexity="0" nPathComplexity="0" sequenceCoverage="0.0" branchCoverage="0" crapScore="0" isConstructor="false" isStatic="false" isGetter="false" isSetter="false">
              <Summary numSequencePoints="6" visitedSequencePoints="0" numBranchPoints="0" visitedBranchPoints="0" sequenceCoverage="0.0" branchCoverage="0" maxCyclomaticComplexity="0" minCyclomaticComplexity="0" maxCrapScore="0" minCrapScore="0" visitedClasses="0" numClasses="0" visitedMethods="0" numMethods="1" />
              <MetadataToken>100663781</MetadataToken>
              <Name>System.Boolean TeleportAreaWithFade&lt;FadeSequence&gt;d__6[T]::MoveNext()</Name>
              <FileRef uid="72" />
              <SequencePoints>
                <SequencePoint vc="0" uspid="6641" ordinal="0" offset="31" sl="43" sc="0" el="43" ec="0" bec="0" bev="0" fileid="72" />
                <SequencePoint vc="0" uspid="6642" ordinal="0" offset="32" sl="44" sc="0" el="44" ec="0" bec="0" bev="0" fileid="72" />
                <SequencePoint vc="0" uspid="6643" ordinal="0" offset="49" sl="46" sc="0" el="46" ec="0" bec="0" bev="0" fileid="72" />
                <SequencePoint vc="0" uspid="6644" ordinal="0" offset="87" sl="47" sc="0" el="47" ec="0" bec="0" bev="0" fileid="72" />
                <SequencePoint vc="0" uspid="6645" ordinal="0" offset="105" sl="49" sc="0" el="49" ec="0" bec="0" bev="0" fileid="72" />
                <SequencePoint vc="0" uspid="6646" ordinal="0" offset="122" sl="50" sc="0" el="50" ec="0" bec="0" bev="0" fileid="72" />
              </SequencePoints>
              <BranchPoints />
            </Method>
          </Methods>
        </Class>
      </Classes>
    </Module>
    <Module>
      <Summary numSequencePoints="26" visitedSequencePoints="26" numBranchPoints="0" visitedBranchPoints="0" sequenceCoverage="100.0" branchCoverage="0.0" maxCyclomaticComplexity="0" minCyclomaticComplexity="0" maxCrapScore="0" minCrapScore="0" visitedClasses="2" numClasses="2" visitedMethods="3" numMethods="3" />
      <ModuleTime>0001-01-01T00:00:00</ModuleTime>
      <ModuleName>Unity.XR.Interaction.Toolkit.Samples.DeviceSimulator</ModuleName>
      <Files>
        <File uid="79" fullPath="/Users/satwikakancharla/2024Fall-Team33-Srougi/VRBiotechMinigames/Assets/Samples/XR Interaction Toolkit/2.5.2/XR Device Simulator/Scripts/XRDeviceSimulatorControllerUI.cs" />
        <File uid="80" fullPath="/Users/satwikakancharla/2024Fall-Team33-Srougi/VRBiotechMinigames/Assets/Samples/XR Interaction Toolkit/2.5.2/XR Device Simulator/Scripts/XRDeviceSimulatorHandsUI.cs" />
        <File uid="81" fullPath="/Users/satwikakancharla/2024Fall-Team33-Srougi/VRBiotechMinigames/Assets/Samples/XR Interaction Toolkit/2.5.2/XR Device Simulator/Scripts/XRDeviceSimulatorUI.cs" />
      </Files>
      <Classes>
        <Class>
          <Summary numSequencePoints="1" visitedSequencePoints="1" numBranchPoints="0" visitedBranchPoints="0" sequenceCoverage="100.0" branchCoverage="0.0" maxCyclomaticComplexity="0" minCyclomaticComplexity="0" maxCrapScore="0" minCrapScore="0" visitedClasses="1" numClasses="1" visitedMethods="1" numMethods="1" />
          <FullName>UnityEngine.XR.Interaction.Toolkit.Samples.DeviceSimulator.XRDeviceSimulatorHandsUI</FullName>
          <Methods>
            <Method visited="true" cyclomaticComplexity="0" nPathComplexity="0" sequenceCoverage="100.0" branchCoverage="0" crapScore="0" isConstructor="true" isStatic="false" isGetter="false" isSetter="false">
              <Summary numSequencePoints="1" visitedSequencePoints="1" numBranchPoints="0" visitedBranchPoints="0" sequenceCoverage="100.0" branchCoverage="0" maxCyclomaticComplexity="0" minCyclomaticComplexity="0" maxCrapScore="0" minCrapScore="0" visitedClasses="0" numClasses="0" visitedMethods="1" numMethods="1" />
              <MetadataToken>100663319</MetadataToken>
              <Name>UnityEngine.XR.Interaction.Toolkit.Samples.DeviceSimulator.XRDeviceSimulatorHandsUI::XRDeviceSimulatorHandsUI()</Name>
              <FileRef uid="80" />
              <SequencePoints>
                <SequencePoint vc="2" uspid="6875" ordinal="0" offset="0" sl="78" sc="9" el="78" ec="9" bec="0" bev="0" fileid="80" />
              </SequencePoints>
              <BranchPoints />
            </Method>
          </Methods>
        </Class>
        <Class>
          <Summary numSequencePoints="25" visitedSequencePoints="25" numBranchPoints="0" visitedBranchPoints="0" sequenceCoverage="100.0" branchCoverage="0.0" maxCyclomaticComplexity="0" minCyclomaticComplexity="0" maxCrapScore="0" minCrapScore="0" visitedClasses="1" numClasses="1" visitedMethods="2" numMethods="2" />
          <FullName>UnityEngine.XR.Interaction.Toolkit.Samples.DeviceSimulator.XRDeviceSimulatorUI</FullName>
          <Methods>
            <Method visited="true" cyclomaticComplexity="0" nPathComplexity="0" sequenceCoverage="100.0" branchCoverage="0" crapScore="0" isConstructor="true" isStatic="false" isGetter="false" isSetter="false">
              <Summary numSequencePoints="9" visitedSequencePoints="9" numBranchPoints="0" visitedBranchPoints="0" sequenceCoverage="100.0" branchCoverage="0" maxCyclomaticComplexity="0" minCyclomaticComplexity="0" maxCrapScore="0" minCrapScore="0" visitedClasses="0" numClasses="0" visitedMethods="1" numMethods="1" />
              <MetadataToken>100663394</MetadataToken>
              <Name>UnityEngine.XR.Interaction.Toolkit.Samples.DeviceSimulator.XRDeviceSimulatorUI::XRDeviceSimulatorUI()</Name>
              <FileRef uid="81" />
              <SequencePoints>
                <SequencePoint vc="1" uspid="7429" ordinal="0" offset="0" sl="26" sc="9" el="26" ec="9" bec="0" bev="0" fileid="81" />
                <SequencePoint vc="1" uspid="7430" ordinal="0" offset="7" sl="238" sc="9" el="238" ec="9" bec="0" bev="0" fileid="81" />
                <SequencePoint vc="1" uspid="7431" ordinal="0" offset="18" sl="255" sc="9" el="255" ec="9" bec="0" bev="0" fileid="81" />
                <SequencePoint vc="1" uspid="7432" ordinal="0" offset="29" sl="272" sc="9" el="272" ec="9" bec="0" bev="0" fileid="81" />
                <SequencePoint vc="1" uspid="7433" ordinal="0" offset="40" sl="289" sc="9" el="289" ec="9" bec="0" bev="0" fileid="81" />
                <SequencePoint vc="1" uspid="7434" ordinal="0" offset="51" sl="306" sc="9" el="306" ec="9" bec="0" bev="0" fileid="81" />
                <SequencePoint vc="1" uspid="7435" ordinal="0" offset="62" sl="323" sc="9" el="323" ec="9" bec="0" bev="0" fileid="81" />
                <SequencePoint vc="1" uspid="7436" ordinal="0" offset="73" sl="340" sc="9" el="340" ec="9" bec="0" bev="0" fileid="81" />
                <SequencePoint vc="1" uspid="7437" ordinal="0" offset="84" sl="357" sc="9" el="357" ec="9" bec="0" bev="0" fileid="81" />
              </SequencePoints>
              <BranchPoints />
            </Method>
            <Method visited="true" cyclomaticComplexity="0" nPathComplexity="0" sequenceCoverage="100.0" branchCoverage="0" crapScore="0" isConstructor="true" isStatic="true" isGetter="false" isSetter="false">
              <Summary numSequencePoints="16" visitedSequencePoints="16" numBranchPoints="0" visitedBranchPoints="0" sequenceCoverage="100.0" branchCoverage="0" maxCyclomaticComplexity="0" minCyclomaticComplexity="0" maxCrapScore="0" minCrapScore="0" visitedClasses="0" numClasses="0" visitedMethods="1" numMethods="1" />
              <MetadataToken>100663395</MetadataToken>
              <Name>static UnityEngine.XR.Interaction.Toolkit.Samples.DeviceSimulator.XRDeviceSimulatorUI::XRDeviceSimulatorUI()</Name>
              <FileRef uid="81" />
              <SequencePoints>
                <SequencePoint vc="1" uspid="7438" ordinal="0" offset="0" sl="234" sc="9" el="234" ec="9" bec="0" bev="0" fileid="81" />
                <SequencePoint vc="1" uspid="7439" ordinal="0" offset="25" sl="235" sc="9" el="235" ec="9" bec="0" bev="0" fileid="81" />
                <SequencePoint vc="1" uspid="7440" ordinal="0" offset="50" sl="251" sc="9" el="251" ec="9" bec="0" bev="0" fileid="81" />
                <SequencePoint vc="1" uspid="7441" ordinal="0" offset="80" sl="252" sc="9" el="252" ec="9" bec="0" bev="0" fileid="81" />
                <SequencePoint vc="1" uspid="7442" ordinal="0" offset="110" sl="268" sc="9" el="268" ec="9" bec="0" bev="0" fileid="81" />
                <SequencePoint vc="1" uspid="7443" ordinal="0" offset="135" sl="269" sc="9" el="269" ec="9" bec="0" bev="0" fileid="81" />
                <SequencePoint vc="1" uspid="7444" ordinal="0" offset="160" sl="285" sc="9" el="285" ec="9" bec="0" bev="0" fileid="81" />
                <SequencePoint vc="1" uspid="7445" ordinal="0" offset="190" sl="286" sc="9" el="286" ec="9" bec="0" bev="0" fileid="81" />
                <SequencePoint vc="1" uspid="7446" ordinal="0" offset="220" sl="302" sc="9" el="302" ec="9" bec="0" bev="0" fileid="81" />
                <SequencePoint vc="1" uspid="7447" ordinal="0" offset="245" sl="303" sc="9" el="303" ec="9" bec="0" bev="0" fileid="81" />
                <SequencePoint vc="1" uspid="7448" ordinal="0" offset="270" sl="319" sc="9" el="319" ec="9" bec="0" bev="0" fileid="81" />
                <SequencePoint vc="1" uspid="7449" ordinal="0" offset="280" sl="320" sc="9" el="320" ec="9" bec="0" bev="0" fileid="81" />
                <SequencePoint vc="1" uspid="7450" ordinal="0" offset="305" sl="336" sc="9" el="336" ec="9" bec="0" bev="0" fileid="81" />
                <SequencePoint vc="1" uspid="7451" ordinal="0" offset="330" sl="337" sc="9" el="337" ec="9" bec="0" bev="0" fileid="81" />
                <SequencePoint vc="1" uspid="7452" ordinal="0" offset="355" sl="353" sc="9" el="353" ec="9" bec="0" bev="0" fileid="81" />
                <SequencePoint vc="1" uspid="7453" ordinal="0" offset="380" sl="354" sc="9" el="354" ec="9" bec="0" bev="0" fileid="81" />
              </SequencePoints>
              <BranchPoints />
            </Method>
          </Methods>
        </Class>
      </Classes>
    </Module>
  </Modules>
</CoverageSession>